This file contains any messages produced by compilers while
running configure, to aid debugging if configure makes a mistake.

It was created by itl configure 0.1, which was
generated by GNU Autoconf 2.65.  Invocation command line was

  $ ./configure 

## --------- ##
## Platform. ##
## --------- ##

hostname = soprano
uname -m = x86_64
uname -r = 2.6.32-26-generic
uname -s = Linux
uname -v = #47-Ubuntu SMP Wed Nov 17 15:58:05 UTC 2010

/usr/bin/uname -p = unknown
/bin/uname -X     = unknown

/bin/arch              = unknown
/usr/bin/arch -k       = unknown
/usr/convex/getsysinfo = unknown
/usr/bin/hostinfo      = unknown
/bin/machine           = unknown
/usr/bin/oslevel       = unknown
/bin/universe          = unknown

PATH: /homes/tpeterka/visit1_12_1/bin
PATH: /homes/tpeterka/parallel-netcdf-1.0.2/src/lib
PATH: /homes/tpeterka/hdf5-install/bin
PATH: /bin
PATH: /usr/bin
PATH: /usr/sbin
PATH: /usr/X11R6/bin
PATH: /sbin
PATH: /usr/local/bin
PATH: /usr/local/sbin
PATH: /mcs/bin
PATH: /software/common/bin
PATH: /soft/apps/bin
PATH: /soft/gnu/bin
PATH: /soft/com/bin
PATH: /soft/adm/bin
PATH: /homes/tpeterka/bin/linux-Ubuntu_10.04-x86_64
PATH: /homes/tpeterka/bin
PATH: .
PATH: /soft/com/packages/pgi-10.5/linux86-64/10.5/bin
PATH: /soft/apps/packages/mpich2-1.0.8/bin


## ----------- ##
## Core tests. ##
## ----------- ##

configure:2285: checking for g++
configure:2301: found /usr/bin/g++
configure:2312: result: g++
configure:2339: checking for C++ compiler version
configure:2348: g++ --version >&5
g++ (Ubuntu 4.4.3-4ubuntu5) 4.4.3
Copyright (C) 2009 Free Software Foundation, Inc.
This is free software; see the source for copying conditions.  There is NO
warranty; not even for MERCHANTABILITY or FITNESS FOR A PARTICULAR PURPOSE.

configure:2359: $? = 0
configure:2348: g++ -v >&5
Using built-in specs.
Target: x86_64-linux-gnu
Configured with: ../src/configure -v --with-pkgversion='Ubuntu 4.4.3-4ubuntu5' --with-bugurl=file:///usr/share/doc/gcc-4.4/README.Bugs --enable-languages=c,c++,fortran,objc,obj-c++ --prefix=/usr --enable-shared --enable-multiarch --enable-linker-build-id --with-system-zlib --libexecdir=/usr/lib --without-included-gettext --enable-threads=posix --with-gxx-include-dir=/usr/include/c++/4.4 --program-suffix=-4.4 --enable-nls --enable-clocale=gnu --enable-libstdcxx-debug --enable-plugin --enable-objc-gc --disable-werror --with-arch-32=i486 --with-tune=generic --enable-checking=release --build=x86_64-linux-gnu --host=x86_64-linux-gnu --target=x86_64-linux-gnu
Thread model: posix
gcc version 4.4.3 (Ubuntu 4.4.3-4ubuntu5) 
configure:2359: $? = 0
configure:2348: g++ -V >&5
g++: '-V' option must have argument
configure:2359: $? = 1
configure:2348: g++ -qversion >&5
g++: unrecognized option '-qversion'
g++: no input files
configure:2359: $? = 1
configure:2379: checking whether the C++ compiler works
configure:2401: g++    conftest.cpp  >&5
configure:2405: $? = 0
configure:2454: result: yes
configure:2457: checking for C++ compiler default output file name
configure:2459: result: a.out
configure:2465: checking for suffix of executables
configure:2472: g++ -o conftest    conftest.cpp  >&5
configure:2476: $? = 0
configure:2498: result: 
configure:2520: checking whether we are cross compiling
configure:2528: g++ -o conftest    conftest.cpp  >&5
configure:2532: $? = 0
configure:2539: ./conftest
configure:2543: $? = 0
configure:2558: result: no
configure:2563: checking for suffix of object files
configure:2585: g++ -c   conftest.cpp >&5
configure:2589: $? = 0
configure:2610: result: o
configure:2614: checking whether we are using the GNU C++ compiler
configure:2633: g++ -c   conftest.cpp >&5
configure:2633: $? = 0
configure:2642: result: yes
configure:2651: checking whether g++ accepts -g
configure:2671: g++ -c -g  conftest.cpp >&5
configure:2671: $? = 0
configure:2712: result: yes
configure:2783: checking for gcc
configure:2799: found /usr/bin/gcc
configure:2810: result: gcc
configure:3039: checking for C compiler version
configure:3048: gcc --version >&5
gcc (Ubuntu 4.4.3-4ubuntu5) 4.4.3
Copyright (C) 2009 Free Software Foundation, Inc.
This is free software; see the source for copying conditions.  There is NO
warranty; not even for MERCHANTABILITY or FITNESS FOR A PARTICULAR PURPOSE.

configure:3059: $? = 0
configure:3048: gcc -v >&5
Using built-in specs.
Target: x86_64-linux-gnu
Configured with: ../src/configure -v --with-pkgversion='Ubuntu 4.4.3-4ubuntu5' --with-bugurl=file:///usr/share/doc/gcc-4.4/README.Bugs --enable-languages=c,c++,fortran,objc,obj-c++ --prefix=/usr --enable-shared --enable-multiarch --enable-linker-build-id --with-system-zlib --libexecdir=/usr/lib --without-included-gettext --enable-threads=posix --with-gxx-include-dir=/usr/include/c++/4.4 --program-suffix=-4.4 --enable-nls --enable-clocale=gnu --enable-libstdcxx-debug --enable-plugin --enable-objc-gc --disable-werror --with-arch-32=i486 --with-tune=generic --enable-checking=release --build=x86_64-linux-gnu --host=x86_64-linux-gnu --target=x86_64-linux-gnu
Thread model: posix
gcc version 4.4.3 (Ubuntu 4.4.3-4ubuntu5) 
configure:3059: $? = 0
configure:3048: gcc -V >&5
gcc: '-V' option must have argument
configure:3059: $? = 1
configure:3048: gcc -qversion >&5
gcc: unrecognized option '-qversion'
gcc: no input files
configure:3059: $? = 1
configure:3063: checking whether we are using the GNU C compiler
configure:3082: gcc -c   conftest.c >&5
configure:3082: $? = 0
configure:3091: result: yes
configure:3100: checking whether gcc accepts -g
configure:3120: gcc -c -g  conftest.c >&5
configure:3120: $? = 0
configure:3161: result: yes
configure:3178: checking for gcc option to accept ISO C89
configure:3242: gcc  -c -g -O2  conftest.c >&5
configure:3242: $? = 0
configure:3255: result: none needed
configure:3278: checking for pow in -lm
configure:3303: gcc -o conftest -g -O2   conftest.c -lm   >&5
conftest.c:16: warning: conflicting types for built-in function 'pow'
configure:3303: $? = 0
configure:3312: result: yes
configure:3330: checking how to run the C preprocessor
configure:3361: gcc -E  conftest.c
configure:3361: $? = 0
configure:3375: gcc -E  conftest.c
conftest.c:10:28: error: ac_nonexistent.h: No such file or directory
configure:3375: $? = 1
configure: failed program was:
| /* confdefs.h */
| #define PACKAGE_NAME "itl"
| #define PACKAGE_TARNAME "itl"
| #define PACKAGE_VERSION "0.1"
| #define PACKAGE_STRING "itl 0.1"
| #define PACKAGE_BUGREPORT "tpeterka@mcs.anl.gov"
| #define PACKAGE_URL ""
| #define HAVE_LIBM 1
| /* end confdefs.h.  */
| #include <ac_nonexistent.h>
configure:3400: result: gcc -E
configure:3420: gcc -E  conftest.c
configure:3420: $? = 0
configure:3434: gcc -E  conftest.c
conftest.c:10:28: error: ac_nonexistent.h: No such file or directory
configure:3434: $? = 1
configure: failed program was:
| /* confdefs.h */
| #define PACKAGE_NAME "itl"
| #define PACKAGE_TARNAME "itl"
| #define PACKAGE_VERSION "0.1"
| #define PACKAGE_STRING "itl 0.1"
| #define PACKAGE_BUGREPORT "tpeterka@mcs.anl.gov"
| #define PACKAGE_URL ""
| #define HAVE_LIBM 1
| /* end confdefs.h.  */
| #include <ac_nonexistent.h>
configure:3463: checking for grep that handles long lines and -e
configure:3521: result: /bin/grep
configure:3526: checking for egrep
configure:3588: result: /bin/grep -E
configure:3593: checking for ANSI C header files
configure:3613: gcc -c -g -O2  conftest.c >&5
configure:3613: $? = 0
configure:3686: gcc -o conftest -g -O2   conftest.c -lm  >&5
configure:3686: $? = 0
configure:3686: ./conftest
configure:3686: $? = 0
configure:3697: result: yes
configure:3710: checking for sys/types.h
configure:3710: gcc -c -g -O2  conftest.c >&5
configure:3710: $? = 0
configure:3710: result: yes
configure:3710: checking for sys/stat.h
configure:3710: gcc -c -g -O2  conftest.c >&5
configure:3710: $? = 0
configure:3710: result: yes
configure:3710: checking for stdlib.h
configure:3710: gcc -c -g -O2  conftest.c >&5
configure:3710: $? = 0
configure:3710: result: yes
configure:3710: checking for string.h
configure:3710: gcc -c -g -O2  conftest.c >&5
configure:3710: $? = 0
configure:3710: result: yes
configure:3710: checking for memory.h
configure:3710: gcc -c -g -O2  conftest.c >&5
configure:3710: $? = 0
configure:3710: result: yes
configure:3710: checking for strings.h
configure:3710: gcc -c -g -O2  conftest.c >&5
configure:3710: $? = 0
configure:3710: result: yes
configure:3710: checking for inttypes.h
configure:3710: gcc -c -g -O2  conftest.c >&5
configure:3710: $? = 0
configure:3710: result: yes
configure:3710: checking for stdint.h
configure:3710: gcc -c -g -O2  conftest.c >&5
configure:3710: $? = 0
configure:3710: result: yes
configure:3710: checking for unistd.h
configure:3710: gcc -c -g -O2  conftest.c >&5
configure:3710: $? = 0
configure:3710: result: yes
configure:3726: checking stddef.h usability
configure:3726: gcc -c -g -O2  conftest.c >&5
configure:3726: $? = 0
configure:3726: result: yes
configure:3726: checking stddef.h presence
configure:3726: gcc -E  conftest.c
configure:3726: $? = 0
configure:3726: result: yes
configure:3726: checking for stddef.h
configure:3726: result: yes
configure:3726: checking for stdint.h
configure:3726: result: yes
configure:3726: checking for stdlib.h
configure:3726: result: yes
configure:3726: checking for string.h
configure:3726: result: yes
configure:3739: checking for stdbool.h that conforms to C99
configure:3824: gcc -c -g -O2  conftest.c >&5
configure:3824: $? = 0
configure:3831: result: yes
configure:3833: checking for _Bool
configure:3833: gcc -c -g -O2  conftest.c >&5
configure:3833: $? = 0
configure:3833: gcc -c -g -O2  conftest.c >&5
conftest.c: In function 'main':
conftest.c:60: error: expected expression before ')' token
configure:3833: $? = 1
configure: failed program was:
| /* confdefs.h */
| #define PACKAGE_NAME "itl"
| #define PACKAGE_TARNAME "itl"
| #define PACKAGE_VERSION "0.1"
| #define PACKAGE_STRING "itl 0.1"
| #define PACKAGE_BUGREPORT "tpeterka@mcs.anl.gov"
| #define PACKAGE_URL ""
| #define HAVE_LIBM 1
| #define STDC_HEADERS 1
| #define HAVE_SYS_TYPES_H 1
| #define HAVE_SYS_STAT_H 1
| #define HAVE_STDLIB_H 1
| #define HAVE_STRING_H 1
| #define HAVE_MEMORY_H 1
| #define HAVE_STRINGS_H 1
| #define HAVE_INTTYPES_H 1
| #define HAVE_STDINT_H 1
| #define HAVE_UNISTD_H 1
| #define HAVE_STDDEF_H 1
| #define HAVE_STDINT_H 1
| #define HAVE_STDLIB_H 1
| #define HAVE_STRING_H 1
| /* end confdefs.h.  */
| #include <stdio.h>
| #ifdef HAVE_SYS_TYPES_H
| # include <sys/types.h>
| #endif
| #ifdef HAVE_SYS_STAT_H
| # include <sys/stat.h>
| #endif
| #ifdef STDC_HEADERS
| # include <stdlib.h>
| # include <stddef.h>
| #else
| # ifdef HAVE_STDLIB_H
| #  include <stdlib.h>
| # endif
| #endif
| #ifdef HAVE_STRING_H
| # if !defined STDC_HEADERS && defined HAVE_MEMORY_H
| #  include <memory.h>
| # endif
| # include <string.h>
| #endif
| #ifdef HAVE_STRINGS_H
| # include <strings.h>
| #endif
| #ifdef HAVE_INTTYPES_H
| # include <inttypes.h>
| #endif
| #ifdef HAVE_STDINT_H
| # include <stdint.h>
| #endif
| #ifdef HAVE_UNISTD_H
| # include <unistd.h>
| #endif
| int
| main ()
| {
| if (sizeof ((_Bool)))
| 	    return 0;
|   ;
|   return 0;
| }
configure:3833: result: yes
configure:3849: checking for inline
configure:3865: gcc -c -g -O2  conftest.c >&5
configure:3865: $? = 0
configure:3873: result: inline
configure:3891: checking for int16_t
configure:3891: gcc -c -g -O2  conftest.c >&5
configure:3891: $? = 0
configure:3891: gcc -c -g -O2  conftest.c >&5
conftest.c: In function 'main':
conftest.c:64: error: size of array 'test_array' is negative
configure:3891: $? = 1
configure: failed program was:
| /* confdefs.h */
| #define PACKAGE_NAME "itl"
| #define PACKAGE_TARNAME "itl"
| #define PACKAGE_VERSION "0.1"
| #define PACKAGE_STRING "itl 0.1"
| #define PACKAGE_BUGREPORT "tpeterka@mcs.anl.gov"
| #define PACKAGE_URL ""
| #define HAVE_LIBM 1
| #define STDC_HEADERS 1
| #define HAVE_SYS_TYPES_H 1
| #define HAVE_SYS_STAT_H 1
| #define HAVE_STDLIB_H 1
| #define HAVE_STRING_H 1
| #define HAVE_MEMORY_H 1
| #define HAVE_STRINGS_H 1
| #define HAVE_INTTYPES_H 1
| #define HAVE_STDINT_H 1
| #define HAVE_UNISTD_H 1
| #define HAVE_STDDEF_H 1
| #define HAVE_STDINT_H 1
| #define HAVE_STDLIB_H 1
| #define HAVE_STRING_H 1
| #define HAVE__BOOL 1
| #define HAVE_STDBOOL_H 1
| /* end confdefs.h.  */
| #include <stdio.h>
| #ifdef HAVE_SYS_TYPES_H
| # include <sys/types.h>
| #endif
| #ifdef HAVE_SYS_STAT_H
| # include <sys/stat.h>
| #endif
| #ifdef STDC_HEADERS
| # include <stdlib.h>
| # include <stddef.h>
| #else
| # ifdef HAVE_STDLIB_H
| #  include <stdlib.h>
| # endif
| #endif
| #ifdef HAVE_STRING_H
| # if !defined STDC_HEADERS && defined HAVE_MEMORY_H
| #  include <memory.h>
| # endif
| # include <string.h>
| #endif
| #ifdef HAVE_STRINGS_H
| # include <strings.h>
| #endif
| #ifdef HAVE_INTTYPES_H
| # include <inttypes.h>
| #endif
| #ifdef HAVE_STDINT_H
| # include <stdint.h>
| #endif
| #ifdef HAVE_UNISTD_H
| # include <unistd.h>
| #endif
| 	        enum { N = 16 / 2 - 1 };
| int
| main ()
| {
| static int test_array [1 - 2 * !((int16_t) (((((int16_t) 1 << N) << N) - 1) * 2 + 1)
| 		 < (int16_t) (((((int16_t) 1 << N) << N) - 1) * 2 + 2))];
| test_array [0] = 0
| 
|   ;
|   return 0;
| }
configure:3891: result: yes
configure:3902: checking for int32_t
configure:3902: gcc -c -g -O2  conftest.c >&5
configure:3902: $? = 0
configure:3902: gcc -c -g -O2  conftest.c >&5
conftest.c: In function 'main':
conftest.c:64: warning: integer overflow in expression
conftest.c:64: error: size of array 'test_array' is negative
configure:3902: $? = 1
configure: failed program was:
| /* confdefs.h */
| #define PACKAGE_NAME "itl"
| #define PACKAGE_TARNAME "itl"
| #define PACKAGE_VERSION "0.1"
| #define PACKAGE_STRING "itl 0.1"
| #define PACKAGE_BUGREPORT "tpeterka@mcs.anl.gov"
| #define PACKAGE_URL ""
| #define HAVE_LIBM 1
| #define STDC_HEADERS 1
| #define HAVE_SYS_TYPES_H 1
| #define HAVE_SYS_STAT_H 1
| #define HAVE_STDLIB_H 1
| #define HAVE_STRING_H 1
| #define HAVE_MEMORY_H 1
| #define HAVE_STRINGS_H 1
| #define HAVE_INTTYPES_H 1
| #define HAVE_STDINT_H 1
| #define HAVE_UNISTD_H 1
| #define HAVE_STDDEF_H 1
| #define HAVE_STDINT_H 1
| #define HAVE_STDLIB_H 1
| #define HAVE_STRING_H 1
| #define HAVE__BOOL 1
| #define HAVE_STDBOOL_H 1
| /* end confdefs.h.  */
| #include <stdio.h>
| #ifdef HAVE_SYS_TYPES_H
| # include <sys/types.h>
| #endif
| #ifdef HAVE_SYS_STAT_H
| # include <sys/stat.h>
| #endif
| #ifdef STDC_HEADERS
| # include <stdlib.h>
| # include <stddef.h>
| #else
| # ifdef HAVE_STDLIB_H
| #  include <stdlib.h>
| # endif
| #endif
| #ifdef HAVE_STRING_H
| # if !defined STDC_HEADERS && defined HAVE_MEMORY_H
| #  include <memory.h>
| # endif
| # include <string.h>
| #endif
| #ifdef HAVE_STRINGS_H
| # include <strings.h>
| #endif
| #ifdef HAVE_INTTYPES_H
| # include <inttypes.h>
| #endif
| #ifdef HAVE_STDINT_H
| # include <stdint.h>
| #endif
| #ifdef HAVE_UNISTD_H
| # include <unistd.h>
| #endif
| 	        enum { N = 32 / 2 - 1 };
| int
| main ()
| {
| static int test_array [1 - 2 * !((int32_t) (((((int32_t) 1 << N) << N) - 1) * 2 + 1)
| 		 < (int32_t) (((((int32_t) 1 << N) << N) - 1) * 2 + 2))];
| test_array [0] = 0
| 
|   ;
|   return 0;
| }
configure:3902: result: yes
configure:3913: checking for size_t
configure:3913: gcc -c -g -O2  conftest.c >&5
configure:3913: $? = 0
configure:3913: gcc -c -g -O2  conftest.c >&5
conftest.c: In function 'main':
conftest.c:62: error: expected expression before ')' token
configure:3913: $? = 1
configure: failed program was:
| /* confdefs.h */
| #define PACKAGE_NAME "itl"
| #define PACKAGE_TARNAME "itl"
| #define PACKAGE_VERSION "0.1"
| #define PACKAGE_STRING "itl 0.1"
| #define PACKAGE_BUGREPORT "tpeterka@mcs.anl.gov"
| #define PACKAGE_URL ""
| #define HAVE_LIBM 1
| #define STDC_HEADERS 1
| #define HAVE_SYS_TYPES_H 1
| #define HAVE_SYS_STAT_H 1
| #define HAVE_STDLIB_H 1
| #define HAVE_STRING_H 1
| #define HAVE_MEMORY_H 1
| #define HAVE_STRINGS_H 1
| #define HAVE_INTTYPES_H 1
| #define HAVE_STDINT_H 1
| #define HAVE_UNISTD_H 1
| #define HAVE_STDDEF_H 1
| #define HAVE_STDINT_H 1
| #define HAVE_STDLIB_H 1
| #define HAVE_STRING_H 1
| #define HAVE__BOOL 1
| #define HAVE_STDBOOL_H 1
| /* end confdefs.h.  */
| #include <stdio.h>
| #ifdef HAVE_SYS_TYPES_H
| # include <sys/types.h>
| #endif
| #ifdef HAVE_SYS_STAT_H
| # include <sys/stat.h>
| #endif
| #ifdef STDC_HEADERS
| # include <stdlib.h>
| # include <stddef.h>
| #else
| # ifdef HAVE_STDLIB_H
| #  include <stdlib.h>
| # endif
| #endif
| #ifdef HAVE_STRING_H
| # if !defined STDC_HEADERS && defined HAVE_MEMORY_H
| #  include <memory.h>
| # endif
| # include <string.h>
| #endif
| #ifdef HAVE_STRINGS_H
| # include <strings.h>
| #endif
| #ifdef HAVE_INTTYPES_H
| # include <inttypes.h>
| #endif
| #ifdef HAVE_STDINT_H
| # include <stdint.h>
| #endif
| #ifdef HAVE_UNISTD_H
| # include <unistd.h>
| #endif
| int
| main ()
| {
| if (sizeof ((size_t)))
| 	    return 0;
|   ;
|   return 0;
| }
configure:3913: result: yes
configure:3924: checking for uint16_t
configure:3924: gcc -c -g -O2  conftest.c >&5
configure:3924: $? = 0
configure:3924: result: yes
configure:3936: checking for uint32_t
configure:3936: gcc -c -g -O2  conftest.c >&5
configure:3936: $? = 0
configure:3936: result: yes
configure:3950: checking for uint64_t
configure:3950: gcc -c -g -O2  conftest.c >&5
configure:3950: $? = 0
configure:3950: result: yes
configure:4071: creating ./config.status

## ---------------------- ##
## Running config.status. ##
## ---------------------- ##

This file was extended by itl config.status 0.1, which was
generated by GNU Autoconf 2.65.  Invocation command line was

  CONFIG_FILES    = 
  CONFIG_HEADERS  = 
  CONFIG_LINKS    = 
  CONFIG_COMMANDS = 
  $ ./config.status 

on soprano

config.status:811: creating makefile
config.status:811: creating src/makefile
config.status:811: creating config.h
config.status:972: config.h is unchanged

## ---------------- ##
## Cache variables. ##
## ---------------- ##

ac_cv_c_compiler_gnu=yes
ac_cv_c_inline=inline
ac_cv_c_int16_t=yes
ac_cv_c_int32_t=yes
ac_cv_c_uint16_t=yes
ac_cv_c_uint32_t=yes
ac_cv_c_uint64_t=yes
ac_cv_cxx_compiler_gnu=yes
ac_cv_env_CCC_set=
ac_cv_env_CCC_value=
ac_cv_env_CC_set=
ac_cv_env_CC_value=
ac_cv_env_CFLAGS_set=
ac_cv_env_CFLAGS_value=
ac_cv_env_CPPFLAGS_set=
ac_cv_env_CPPFLAGS_value=
ac_cv_env_CPP_set=
ac_cv_env_CPP_value=
ac_cv_env_CXXFLAGS_set=
ac_cv_env_CXXFLAGS_value=
ac_cv_env_CXX_set=
ac_cv_env_CXX_value=
ac_cv_env_LDFLAGS_set=
ac_cv_env_LDFLAGS_value=
ac_cv_env_LIBS_set=
ac_cv_env_LIBS_value=
ac_cv_env_build_alias_set=
ac_cv_env_build_alias_value=
ac_cv_env_host_alias_set=
ac_cv_env_host_alias_value=
ac_cv_env_target_alias_set=
ac_cv_env_target_alias_value=
ac_cv_header_inttypes_h=yes
ac_cv_header_memory_h=yes
ac_cv_header_stdbool_h=yes
ac_cv_header_stdc=yes
ac_cv_header_stddef_h=yes
ac_cv_header_stdint_h=yes
ac_cv_header_stdlib_h=yes
ac_cv_header_string_h=yes
ac_cv_header_strings_h=yes
ac_cv_header_sys_stat_h=yes
ac_cv_header_sys_types_h=yes
ac_cv_header_unistd_h=yes
ac_cv_lib_m_pow=yes
ac_cv_objext=o
ac_cv_path_EGREP='/bin/grep -E'
ac_cv_path_GREP=/bin/grep
ac_cv_prog_CPP='gcc -E'
ac_cv_prog_ac_ct_CC=gcc
ac_cv_prog_ac_ct_CXX=g++
ac_cv_prog_cc_c89=
ac_cv_prog_cc_g=yes
ac_cv_prog_cxx_g=yes
ac_cv_type__Bool=yes
ac_cv_type_size_t=yes

## ----------------- ##
## Output variables. ##
## ----------------- ##

CC='gcc'
CFLAGS='-g -O2'
CPP='gcc -E'
CPPFLAGS=''
CXX='g++'
CXXFLAGS='-g -O2'
DEFS='-DHAVE_CONFIG_H'
ECHO_C=''
ECHO_N='-n'
ECHO_T=''
EGREP='/bin/grep -E'
EXEEXT=''
GREP='/bin/grep'
LDFLAGS=''
LIBOBJS=''
LIBS='-lm '
LTLIBOBJS=''
OBJEXT='o'
PACKAGE_BUGREPORT='tpeterka@mcs.anl.gov'
PACKAGE_NAME='itl'
PACKAGE_STRING='itl 0.1'
PACKAGE_TARNAME='itl'
PACKAGE_URL=''
PACKAGE_VERSION='0.1'
PATH_SEPARATOR=':'
SHELL='/bin/sh'
ac_ct_CC='gcc'
ac_ct_CXX='g++'
bindir='${exec_prefix}/bin'
build_alias=''
datadir='${datarootdir}'
datarootdir='${prefix}/share'
docdir='${datarootdir}/doc/${PACKAGE_TARNAME}'
dvidir='${docdir}'
exec_prefix='${prefix}'
host_alias=''
htmldir='${docdir}'
includedir='${prefix}/include'
infodir='${datarootdir}/info'
libdir='${exec_prefix}/lib'
libexecdir='${exec_prefix}/libexec'
localedir='${datarootdir}/locale'
localstatedir='${prefix}/var'
mandir='${datarootdir}/man'
oldincludedir='/usr/include'
pdfdir='${docdir}'
prefix='/usr/local'
program_transform_name='s,x,x,'
psdir='${docdir}'
sbindir='${exec_prefix}/sbin'
sharedstatedir='${prefix}/com'
sysconfdir='${prefix}/etc'
target_alias=''

## ----------- ##
## confdefs.h. ##
## ----------- ##

/* confdefs.h */
#define PACKAGE_NAME "itl"
#define PACKAGE_TARNAME "itl"
#define PACKAGE_VERSION "0.1"
#define PACKAGE_STRING "itl 0.1"
#define PACKAGE_BUGREPORT "tpeterka@mcs.anl.gov"
#define PACKAGE_URL ""
#define HAVE_LIBM 1
#define STDC_HEADERS 1
#define HAVE_SYS_TYPES_H 1
#define HAVE_SYS_STAT_H 1
#define HAVE_STDLIB_H 1
#define HAVE_STRING_H 1
#define HAVE_MEMORY_H 1
#define HAVE_STRINGS_H 1
#define HAVE_INTTYPES_H 1
#define HAVE_STDINT_H 1
#define HAVE_UNISTD_H 1
#define HAVE_STDDEF_H 1
#define HAVE_STDINT_H 1
#define HAVE_STDLIB_H 1
#define HAVE_STRING_H 1
#define HAVE__BOOL 1
#define HAVE_STDBOOL_H 1

configure: exit 0
