mpif77 -c  -O2 -fcray-pointer -fdefault-real-8 -x f77-cpp-input -DPTRSIZE8 -DMPI -DLONGINT8 -DUNDERSCORE -DGLOBAL_LONG_LONG -I/homes/tpeterka/itl/examples/Nek5000/examples/eddy -I/homes/tpeterka/nek5_svn/trunk/nek -I./ /homes/tpeterka/nek5_svn/trunk/nek/drive.f -o obj/drive.o
mpif77 -c  -O2 -fcray-pointer -fdefault-real-8 -x f77-cpp-input -DPTRSIZE8 -DMPI -DLONGINT8 -DUNDERSCORE -DGLOBAL_LONG_LONG -I/homes/tpeterka/itl/examples/Nek5000/examples/eddy -I/homes/tpeterka/nek5_svn/trunk/nek -I./ /homes/tpeterka/nek5_svn/trunk/nek/drive1.f -o obj/drive1.o
mpif77 -c  -O2 -fcray-pointer -fdefault-real-8 -x f77-cpp-input -DPTRSIZE8 -DMPI -DLONGINT8 -DUNDERSCORE -DGLOBAL_LONG_LONG -I/homes/tpeterka/itl/examples/Nek5000/examples/eddy -I/homes/tpeterka/nek5_svn/trunk/nek -I./ /homes/tpeterka/nek5_svn/trunk/nek/drive2.f -o obj/drive2.o
mpif77 -c  -O2 -fcray-pointer -fdefault-real-8 -x f77-cpp-input -DPTRSIZE8 -DMPI -DLONGINT8 -DUNDERSCORE -DGLOBAL_LONG_LONG -I/homes/tpeterka/itl/examples/Nek5000/examples/eddy -I/homes/tpeterka/nek5_svn/trunk/nek -I./ /homes/tpeterka/nek5_svn/trunk/nek/plan4.f -o obj/plan4.o
mpif77 -c  -O2 -fcray-pointer -fdefault-real-8 -x f77-cpp-input -DPTRSIZE8 -DMPI -DLONGINT8 -DUNDERSCORE -DGLOBAL_LONG_LONG -I/homes/tpeterka/itl/examples/Nek5000/examples/eddy -I/homes/tpeterka/nek5_svn/trunk/nek -I./ /homes/tpeterka/nek5_svn/trunk/nek/bdry.f -o obj/bdry.o
/homes/tpeterka/nek5_svn/trunk/nek/drive2.f:515.72:

        GOTO 23                                                         
                                                                        1
/homes/tpeterka/nek5_svn/trunk/nek/drive2.f:517.72:

  23  ENDIF                                                             
                                                                        2
Warning: Deleted feature: GOTO at (1) jumps to END of construct at (2)
/homes/tpeterka/nek5_svn/trunk/nek/plan4.f:459.25:

      call add3s2(vext(1,2),vy,vylag,ab0,ab1,ntot)                      
                         1
Warning: Array reference at (1) is out of bounds (2 > 1) in dimension 2
/homes/tpeterka/nek5_svn/trunk/nek/plan4.f:460.34:

      if(if3d) call add3s2(vext(1,3),vz,vzlag,ab0,ab1,ntot)             
                                  1
Warning: Array reference at (1) is out of bounds (3 > 1) in dimension 2
/homes/tpeterka/nek5_svn/trunk/nek/plan4.f:464.27:

        call add2s2(vext(1,2),vylag(1,1,1,1,2),ab2,ntot)                
                           1
Warning: Array reference at (1) is out of bounds (2 > 1) in dimension 2
/homes/tpeterka/nek5_svn/trunk/nek/plan4.f:465.36:

        if(if3d) call add2s2(vext(1,3),vzlag(1,1,1,1,2),ab2,ntot)       
                                    1
Warning: Array reference at (1) is out of bounds (3 > 1) in dimension 2
mpif77 -c  -O2 -fcray-pointer -fdefault-real-8 -x f77-cpp-input -DPTRSIZE8 -DMPI -DLONGINT8 -DUNDERSCORE -DGLOBAL_LONG_LONG -I/homes/tpeterka/itl/examples/Nek5000/examples/eddy -I/homes/tpeterka/nek5_svn/trunk/nek -I./ /homes/tpeterka/nek5_svn/trunk/nek/coef.f -o obj/coef.o
/homes/tpeterka/nek5_svn/trunk/nek/bdry.f:1407.20:

      COMMON /CTMP1/ A1X(LX1),A1Y(LX1),A2X(LX1),A2Y(LX1)                
                    1
Warning: Named COMMON block 'ctmp1' at (1) shall be of the same size
/homes/tpeterka/nek5_svn/trunk/nek/bdry.f:1587.20:

      COMMON /CTMP0/  XFM1(LX1,LY1),YFM1(LX1,LY1),ZFM1(LX1,LY1)         
                    1
Warning: Named COMMON block 'ctmp0' at (1) shall be of the same size
/homes/tpeterka/nek5_svn/trunk/nek/bdry.f:1588.20:

      COMMON /CTMP1/  DRM1(LX1,LX1),DRTM1(LX1,LY1)                      
                    1
Warning: Named COMMON block 'ctmp1' at (1) shall be of the same size
/homes/tpeterka/nek5_svn/trunk/nek/bdry.f:1839.20:

      COMMON /SCRMG/ V1(LX1,LY1,LZ1,LELV)                               
                    1
Warning: Named COMMON block 'scrmg' at (1) shall be of the same size
/homes/tpeterka/nek5_svn/trunk/nek/drive2.f:1813.20:

      COMMON /SCRNS/ rw1   (LX1,LY1,LZ1,LELV)                           
                    1
Warning: Named COMMON block 'scrns' at (1) shall be of the same size
mpif77 -c  -O2 -fcray-pointer -fdefault-real-8 -x f77-cpp-input -DPTRSIZE8 -DMPI -DLONGINT8 -DUNDERSCORE -DGLOBAL_LONG_LONG -I/homes/tpeterka/itl/examples/Nek5000/examples/eddy -I/homes/tpeterka/nek5_svn/trunk/nek -I./ /homes/tpeterka/nek5_svn/trunk/nek/conduct.f -o obj/conduct.o
/homes/tpeterka/nek5_svn/trunk/nek/conduct.f:255.20:

      COMMON /SCRNS/ TA (LX1,LY1,LZ1,LELT)                              
                    1
Warning: Named COMMON block 'scrns' at (1) shall be of the same size
/homes/tpeterka/nek5_svn/trunk/nek/conduct.f:296.20:

      COMMON /SCRUZ/ TCH (LX1,LY1,LZ1,LELT)                             
                    1
Warning: Named COMMON block 'scruz' at (1) shall be of the same size
/homes/tpeterka/nek5_svn/trunk/nek/conduct.f:334.20:

      COMMON /SCRNS/ VXN   (LX1,LY1,LZ1,LELV)                           
                    1
Warning: Named COMMON block 'scrns' at (1) shall be of the same size
mpif77 -c  -O2 -fcray-pointer -fdefault-real-8 -x f77-cpp-input -DPTRSIZE8 -DMPI -DLONGINT8 -DUNDERSCORE -DGLOBAL_LONG_LONG -I/homes/tpeterka/itl/examples/Nek5000/examples/eddy -I/homes/tpeterka/nek5_svn/trunk/nek -I./ /homes/tpeterka/nek5_svn/trunk/nek/connect1.f -o obj/connect1.o
/homes/tpeterka/nek5_svn/trunk/nek/connect1.f:717.20:

      COMMON /CTMP0/ XCB(2,2,2),YCB(2,2,2),ZCB(2,2,2),H(3,3,2),INDX(8)  
                    1
Warning: Named COMMON block 'ctmp0' at (1) shall be of the same size
mpif77 -c  -O2 -fcray-pointer -fdefault-real-8 -x f77-cpp-input -DPTRSIZE8 -DMPI -DLONGINT8 -DUNDERSCORE -DGLOBAL_LONG_LONG -I/homes/tpeterka/itl/examples/Nek5000/examples/eddy -I/homes/tpeterka/nek5_svn/trunk/nek -I./ /homes/tpeterka/nek5_svn/trunk/nek/connect2.f -o obj/connect2.o
mpif77 -c  -O2 -fcray-pointer -fdefault-real-8 -x f77-cpp-input -DPTRSIZE8 -DMPI -DLONGINT8 -DUNDERSCORE -DGLOBAL_LONG_LONG -I/homes/tpeterka/itl/examples/Nek5000/examples/eddy -I/homes/tpeterka/nek5_svn/trunk/nek -I./ /homes/tpeterka/nek5_svn/trunk/nek/dssum.f -o obj/dssum.o
mpif77 -c  -O2 -fcray-pointer -fdefault-real-8 -x f77-cpp-input -DPTRSIZE8 -DMPI -DLONGINT8 -DUNDERSCORE -DGLOBAL_LONG_LONG -I/homes/tpeterka/itl/examples/Nek5000/examples/eddy -I/homes/tpeterka/nek5_svn/trunk/nek -I./ /homes/tpeterka/nek5_svn/trunk/nek/edgec.f -o obj/edgec.o
/homes/tpeterka/nek5_svn/trunk/nek/connect2.f:1471.20:

      common /scrns/ tc(lx1,ly1,lz1,lelt),td(lx1,ly1,lz1,lelt)          
                    1
Warning: Named COMMON block 'scrns' at (1) shall be of the same size
mpif77 -c  -O2 -fcray-pointer -fdefault-real-8 -x f77-cpp-input -DPTRSIZE8 -DMPI -DLONGINT8 -DUNDERSCORE -DGLOBAL_LONG_LONG -I/homes/tpeterka/itl/examples/Nek5000/examples/eddy -I/homes/tpeterka/nek5_svn/trunk/nek -I./ /homes/tpeterka/nek5_svn/trunk/nek/eigsolv.f -o obj/eigsolv.o
/homes/tpeterka/nek5_svn/trunk/nek/connect2.f:1701.20:

      COMMON /CTMP0/ VO(LELT),XYZI(3,LELT),CG(3,LELT)                   
                    1
Warning: Named COMMON block 'ctmp0' at (1) shall be of the same size
mpif77 -c  -O2 -fcray-pointer -fdefault-real-8 -x f77-cpp-input -DPTRSIZE8 -DMPI -DLONGINT8 -DUNDERSCORE -DGLOBAL_LONG_LONG -I/homes/tpeterka/itl/examples/Nek5000/examples/eddy -I/homes/tpeterka/nek5_svn/trunk/nek -I./ /homes/tpeterka/nek5_svn/trunk/nek/gauss.f -o obj/gauss.o
mpif77 -c  -O2 -fcray-pointer -fdefault-real-8 -x f77-cpp-input -DPTRSIZE8 -DMPI -DLONGINT8 -DUNDERSCORE -DGLOBAL_LONG_LONG -I/homes/tpeterka/itl/examples/Nek5000/examples/eddy -I/homes/tpeterka/nek5_svn/trunk/nek -I./ /homes/tpeterka/nek5_svn/trunk/nek/genxyz.f -o obj/genxyz.o
/homes/tpeterka/nek5_svn/trunk/nek/genxyz.f:329.21:

      COMMON /SRFCEL/ SUCCES                                            
                     1
Warning: Named COMMON block 'srfcel' at (1) shall be of the same size
mpif77 -c  -O2 -fcray-pointer -fdefault-real-8 -x f77-cpp-input -DPTRSIZE8 -DMPI -DLONGINT8 -DUNDERSCORE -DGLOBAL_LONG_LONG -I/homes/tpeterka/itl/examples/Nek5000/examples/eddy -I/homes/tpeterka/nek5_svn/trunk/nek -I./ /homes/tpeterka/nek5_svn/trunk/nek/navier1.f -o obj/navier1.o
/homes/tpeterka/nek5_svn/trunk/nek/genxyz.f:1282.20:

      common /ctmp0/ xcb(2,2,2),ycb(2,2,2),zcb(2,2,2),w(ldw)            
                    1
Warning: Named COMMON block 'ctmp0' at (1) shall be of the same size
/homes/tpeterka/nek5_svn/trunk/nek/genxyz.f:1340.20:

      common /ctmp0/ w(ldw,2),zg(3)                                     
                    1
Warning: Named COMMON block 'ctmp0' at (1) shall be of the same size
mpif77 -c  -O2 -fcray-pointer -fdefault-real-8 -x f77-cpp-input -DPTRSIZE8 -DMPI -DLONGINT8 -DUNDERSCORE -DGLOBAL_LONG_LONG -I/homes/tpeterka/itl/examples/Nek5000/examples/eddy -I/homes/tpeterka/nek5_svn/trunk/nek -I./ /homes/tpeterka/nek5_svn/trunk/nek/makeq.f -o obj/makeq.o
/homes/tpeterka/nek5_svn/trunk/nek/navier1.f:168.20:

      COMMON /SCRUZ/ TB1   (LX1,LY1,LZ1,LELV)                           
                    1
Warning: Named COMMON block 'scruz' at (1) shall be of the same size
mpif77 -c  -O2 -fcray-pointer -fdefault-real-8 -x f77-cpp-input -DPTRSIZE8 -DMPI -DLONGINT8 -DUNDERSCORE -DGLOBAL_LONG_LONG -I/homes/tpeterka/itl/examples/Nek5000/examples/eddy -I/homes/tpeterka/nek5_svn/trunk/nek -I./ /homes/tpeterka/nek5_svn/trunk/nek/navier0.f -o obj/navier0.o
/homes/tpeterka/nek5_svn/trunk/nek/navier1.f:1312.20:

      COMMON /CTMP1/  MFI    (LX1,LY1,LZ1,LELV)                         
                    1
Warning: Named COMMON block 'ctmp1' at (1) shall be of the same size
/homes/tpeterka/nek5_svn/trunk/nek/navier1.f:1310.20:

      COMMON /SCRCH/  CMASK1 (LX1,LY1,LZ1,LELV)                         
                    1
Warning: Named COMMON block 'scrch' at (1) shall be of the same size
mpif77 -c  -O2 -fcray-pointer -fdefault-real-8 -x f77-cpp-input -DPTRSIZE8 -DMPI -DLONGINT8 -DUNDERSCORE -DGLOBAL_LONG_LONG -I/homes/tpeterka/itl/examples/Nek5000/examples/eddy -I/homes/tpeterka/nek5_svn/trunk/nek -I./ /homes/tpeterka/nek5_svn/trunk/nek/navier2.f -o obj/navier2.o
/homes/tpeterka/nek5_svn/trunk/nek/navier1.f:1695.20:

      COMMON /SCRNS/ TA1(LX1,LY1,LZ1,LELV)                              
                    1
Warning: Named COMMON block 'scrns' at (1) shall be of the same size
/homes/tpeterka/nek5_svn/trunk/nek/navier1.f:2003.20:

      COMMON /CTMP1/ RKX1  (LX1,LY1,LZ1,LELV)                           
                    1
Warning: Named COMMON block 'ctmp1' at (1) shall be of the same size
/homes/tpeterka/nek5_svn/trunk/nek/navier1.f:2007.20:

      COMMON /SCRMG/ RKY1  (LX1,LY1,LZ1,LELV)                           
                    1
Warning: Named COMMON block 'scrmg' at (1) shall be of the same size
mpif77 -c  -O2 -fcray-pointer -fdefault-real-8 -x f77-cpp-input -DPTRSIZE8 -DMPI -DLONGINT8 -DUNDERSCORE -DGLOBAL_LONG_LONG -I/homes/tpeterka/itl/examples/Nek5000/examples/eddy -I/homes/tpeterka/nek5_svn/trunk/nek -I./ /homes/tpeterka/nek5_svn/trunk/nek/navier3.f -o obj/navier3.o
mpif77 -c  -O2 -fcray-pointer -fdefault-real-8 -x f77-cpp-input -DPTRSIZE8 -DMPI -DLONGINT8 -DUNDERSCORE -DGLOBAL_LONG_LONG -I/homes/tpeterka/itl/examples/Nek5000/examples/eddy -I/homes/tpeterka/nek5_svn/trunk/nek -I./ /homes/tpeterka/nek5_svn/trunk/nek/navier4.f -o obj/navier4.o
/homes/tpeterka/nek5_svn/trunk/nek/navier1.f:3892.20:

      COMMON /CTMP0/ TA1  (LX1,LY1,LZ1,LELV)                            
                    1
Warning: Named COMMON block 'ctmp0' at (1) shall be of the same size
mpif77 -c  -O2 -fcray-pointer -fdefault-real-8 -x f77-cpp-input -DPTRSIZE8 -DMPI -DLONGINT8 -DUNDERSCORE -DGLOBAL_LONG_LONG -I/homes/tpeterka/itl/examples/Nek5000/examples/eddy -I/homes/tpeterka/nek5_svn/trunk/nek -I./ /homes/tpeterka/nek5_svn/trunk/nek/prepost.f -o obj/prepost.o
/homes/tpeterka/nek5_svn/trunk/nek/navier4.f:284.21:

      COMMON /ORTHOX/ Pbar(LTOT2),Pnew(LTOT2),Pbrr(ltot2)               
                     1
Warning: Named COMMON block 'orthox' at (1) shall be of the same size
/homes/tpeterka/nek5_svn/trunk/nek/prepost.f:80.72:

           goto 45                                                      
                                                                        1
/homes/tpeterka/nek5_svn/trunk/nek/prepost.f:82.72:

  45    endif                                                           
                                                                        2
Warning: Deleted feature: GOTO at (1) jumps to END of construct at (2)
mpif77 -c  -O2 -fcray-pointer -fdefault-real-8 -x f77-cpp-input -DPTRSIZE8 -DMPI -DLONGINT8 -DUNDERSCORE -DGLOBAL_LONG_LONG -I/homes/tpeterka/itl/examples/Nek5000/examples/eddy -I/homes/tpeterka/nek5_svn/trunk/nek -I./ /homes/tpeterka/nek5_svn/trunk/nek/speclib.f -o obj/speclib.o
/homes/tpeterka/nek5_svn/trunk/nek/prepost.f:1365.20:

      common /SCRUZ/  ur1(lxo*lxo*lxo*lelt)                             
                    1
Warning: Named COMMON block 'scruz' at (1) shall be of the same size
/homes/tpeterka/nek5_svn/trunk/nek/prepost.f:2103.20:

      common /SCRNS/ u4(2+lxo*lxo*lxo*6*lelt)                           
                    1
Warning: Named COMMON block 'scrns' at (1) shall be of the same size
mpif77 -c  -O2 -fcray-pointer -fdefault-real-8 -x f77-cpp-input -DPTRSIZE8 -DMPI -DLONGINT8 -DUNDERSCORE -DGLOBAL_LONG_LONG -I/homes/tpeterka/itl/examples/Nek5000/examples/eddy -I/homes/tpeterka/nek5_svn/trunk/nek -I./ /homes/tpeterka/nek5_svn/trunk/nek/map2.f -o obj/map2.o
mpif77 -c  -O2 -fcray-pointer -fdefault-real-8 -x f77-cpp-input -DPTRSIZE8 -DMPI -DLONGINT8 -DUNDERSCORE -DGLOBAL_LONG_LONG -I/homes/tpeterka/itl/examples/Nek5000/examples/eddy -I/homes/tpeterka/nek5_svn/trunk/nek -I./ /homes/tpeterka/nek5_svn/trunk/nek/turb.f -o obj/turb.o
mpif77 -c  -O2 -fcray-pointer -fdefault-real-8 -x f77-cpp-input -DPTRSIZE8 -DMPI -DLONGINT8 -DUNDERSCORE -DGLOBAL_LONG_LONG -I/homes/tpeterka/itl/examples/Nek5000/examples/eddy -I/homes/tpeterka/nek5_svn/trunk/nek -I./ /homes/tpeterka/nek5_svn/trunk/nek/mvmesh.f -o obj/mvmesh.o
/homes/tpeterka/nek5_svn/trunk/nek/turb.f:578.20:

      COMMON /SCRUZ/ V1(LX1,LY1,LZ1,LELV)                               
                    1
Warning: Named COMMON block 'scruz' at (1) shall be of the same size
mpif77 -c  -O2 -fcray-pointer -fdefault-real-8 -x f77-cpp-input -DPTRSIZE8 -DMPI -DLONGINT8 -DUNDERSCORE -DGLOBAL_LONG_LONG -I/homes/tpeterka/itl/examples/Nek5000/examples/eddy -I/homes/tpeterka/nek5_svn/trunk/nek -I./ /homes/tpeterka/nek5_svn/trunk/nek/ic.f -o obj/ic.o
mpif77 -c  -O2 -fcray-pointer -fdefault-real-8 -x f77-cpp-input -DPTRSIZE8 -DMPI -DLONGINT8 -DUNDERSCORE -DGLOBAL_LONG_LONG -I/homes/tpeterka/itl/examples/Nek5000/examples/eddy -I/homes/tpeterka/nek5_svn/trunk/nek -I./ /homes/tpeterka/nek5_svn/trunk/nek/ssolv.f -o obj/ssolv.o
mpif77 -c  -O2 -fcray-pointer -fdefault-real-8 -x f77-cpp-input -DPTRSIZE8 -DMPI -DLONGINT8 -DUNDERSCORE -DGLOBAL_LONG_LONG -I/homes/tpeterka/itl/examples/Nek5000/examples/eddy -I/homes/tpeterka/nek5_svn/trunk/nek -I./ /homes/tpeterka/nek5_svn/trunk/nek/planx.f -o obj/planx.o
mpif77 -c  -O3 -fcray-pointer -fdefault-real-8 -x f77-cpp-input -DPTRSIZE8 -DMPI -DLONGINT8 -DUNDERSCORE -DGLOBAL_LONG_LONG -I/homes/tpeterka/itl/examples/Nek5000/examples/eddy -I/homes/tpeterka/nek5_svn/trunk/nek -I./ /homes/tpeterka/nek5_svn/trunk/nek/math.f -o obj/math.o
mpif77 -c  -O2 -fcray-pointer -fdefault-real-8 -x f77-cpp-input -DPTRSIZE8 -DMPI -DLONGINT8 -DUNDERSCORE -DGLOBAL_LONG_LONG -I/homes/tpeterka/itl/examples/Nek5000/examples/eddy -I/homes/tpeterka/nek5_svn/trunk/nek -I./ /homes/tpeterka/nek5_svn/trunk/nek/mxm_wrapper.f -o obj/mxm_wrapper.o 
mpif77 -c  -O2 -fcray-pointer -fdefault-real-8 -x f77-cpp-input -DPTRSIZE8 -DMPI -DLONGINT8 -DUNDERSCORE -DGLOBAL_LONG_LONG -I/homes/tpeterka/itl/examples/Nek5000/examples/eddy -I/homes/tpeterka/nek5_svn/trunk/nek -I./ /homes/tpeterka/nek5_svn/trunk/nek/hmholtz.f -o obj/hmholtz.o
mpif77 -c  -O2 -fcray-pointer -fdefault-real-8 -x f77-cpp-input -DPTRSIZE8 -DMPI -DLONGINT8 -DUNDERSCORE -DGLOBAL_LONG_LONG -I/homes/tpeterka/itl/examples/Nek5000/examples/eddy -I/homes/tpeterka/nek5_svn/trunk/nek -I./ /homes/tpeterka/nek5_svn/trunk/nek/gfdm_par.f -o obj/gfdm_par.o
/homes/tpeterka/nek5_svn/trunk/nek/hmholtz.f:619.22:

      COMMON  /CPRINT/ IFPRINT, IFHZPC                                  
                      1
Warning: Named COMMON block 'cprint' at (1) shall be of the same size
mpif77 -c  -O2 -fcray-pointer -fdefault-real-8 -x f77-cpp-input -DPTRSIZE8 -DMPI -DLONGINT8 -DUNDERSCORE -DGLOBAL_LONG_LONG -I/homes/tpeterka/itl/examples/Nek5000/examples/eddy -I/homes/tpeterka/nek5_svn/trunk/nek -I./ /homes/tpeterka/nek5_svn/trunk/nek/gfdm_op.f -o obj/gfdm_op.o
mpif77 -c  -O2 -fcray-pointer -fdefault-real-8 -x f77-cpp-input -DPTRSIZE8 -DMPI -DLONGINT8 -DUNDERSCORE -DGLOBAL_LONG_LONG -I/homes/tpeterka/itl/examples/Nek5000/examples/eddy -I/homes/tpeterka/nek5_svn/trunk/nek -I./ /homes/tpeterka/nek5_svn/trunk/nek/gfdm_solve.f -o obj/gfdm_solve.o
mpif77 -c  -O2 -fcray-pointer -fdefault-real-8 -x f77-cpp-input -DPTRSIZE8 -DMPI -DLONGINT8 -DUNDERSCORE -DGLOBAL_LONG_LONG -I/homes/tpeterka/itl/examples/Nek5000/examples/eddy -I/homes/tpeterka/nek5_svn/trunk/nek -I./ /homes/tpeterka/nek5_svn/trunk/nek/subs1.f -o obj/subs1.o
mpif77 -c  -O2 -fcray-pointer -fdefault-real-8 -x f77-cpp-input -DPTRSIZE8 -DMPI -DLONGINT8 -DUNDERSCORE -DGLOBAL_LONG_LONG -I/homes/tpeterka/itl/examples/Nek5000/examples/eddy -I/homes/tpeterka/nek5_svn/trunk/nek -I./ /homes/tpeterka/nek5_svn/trunk/nek/subs2.f -o obj/subs2.o
mpif77 -c  -O2 -fcray-pointer -fdefault-real-8 -x f77-cpp-input -DPTRSIZE8 -DMPI -DLONGINT8 -DUNDERSCORE -DGLOBAL_LONG_LONG -I/homes/tpeterka/itl/examples/Nek5000/examples/eddy -I/homes/tpeterka/nek5_svn/trunk/nek -I./ /homes/tpeterka/nek5_svn/trunk/nek/genbox.f -o obj/genbox.o
/homes/tpeterka/nek5_svn/trunk/nek/subs1.f:1312.20:

      COMMON /SCRMG/  PP1(LX1,LY1,LZ1,LELT)                             
                    1
Warning: Named COMMON block 'scrmg' at (1) shall be of the same size
/homes/tpeterka/nek5_svn/trunk/nek/subs1.f:1511.20:

      COMMON /CTMP1/ EXX(LX1,LY1,LZ1,LELT)                              
                    1
Warning: Named COMMON block 'ctmp1' at (1) shall be of the same size
mpif77 -c  -O2 -fcray-pointer -fdefault-real-8 -x f77-cpp-input -DPTRSIZE8 -DMPI -DLONGINT8 -DUNDERSCORE -DGLOBAL_LONG_LONG -I/homes/tpeterka/itl/examples/Nek5000/examples/eddy -I/homes/tpeterka/nek5_svn/trunk/nek -I./ /homes/tpeterka/nek5_svn/trunk/nek/gmres.f -o obj/gmres.o
mpif77 -c  -O2 -fcray-pointer -fdefault-real-8 -x f77-cpp-input -DPTRSIZE8 -DMPI -DLONGINT8 -DUNDERSCORE -DGLOBAL_LONG_LONG -I/homes/tpeterka/itl/examples/Nek5000/examples/eddy -I/homes/tpeterka/nek5_svn/trunk/nek -I./ /homes/tpeterka/nek5_svn/trunk/nek/hsmg.f -o obj/hsmg.o
mpif77 -c  -O2 -fcray-pointer -fdefault-real-8 -x f77-cpp-input -DPTRSIZE8 -DMPI -DLONGINT8 -DUNDERSCORE -DGLOBAL_LONG_LONG -I/homes/tpeterka/itl/examples/Nek5000/examples/eddy -I/homes/tpeterka/nek5_svn/trunk/nek -I./ /homes/tpeterka/nek5_svn/trunk/nek/convect.f -o obj/convect.o
/homes/tpeterka/nek5_svn/trunk/nek/hsmg.f:245.20:

      common /hsmgw/ work(0:lx1*ly1*lz1-1),work2(0:lx1*ly1*lz1-1)       
                    1
Warning: Named COMMON block 'hsmgw' at (1) shall be of the same size
/homes/tpeterka/nek5_svn/trunk/nek/convect.f:720.60:

               tr(i,2)=rx(i,4,e)*fx(i)+rx(i,5,e)*fy(i)+rx(i,6,e)*fz(i)  
                                                            1
Warning: Array reference at (1) is out of bounds (6 > 4) in dimension 2
/homes/tpeterka/nek5_svn/trunk/nek/convect.f:720.44:

               tr(i,2)=rx(i,4,e)*fx(i)+rx(i,5,e)*fy(i)+rx(i,6,e)*fz(i)  
                                            1
Warning: Array reference at (1) is out of bounds (5 > 4) in dimension 2
/homes/tpeterka/nek5_svn/trunk/nek/convect.f:721.60:

               tr(i,3)=rx(i,7,e)*fx(i)+rx(i,8,e)*fy(i)+rx(i,9,e)*fz(i)  
                                                            1
Warning: Array reference at (1) is out of bounds (9 > 4) in dimension 2
/homes/tpeterka/nek5_svn/trunk/nek/convect.f:721.44:

               tr(i,3)=rx(i,7,e)*fx(i)+rx(i,8,e)*fy(i)+rx(i,9,e)*fz(i)  
                                            1
Warning: Array reference at (1) is out of bounds (8 > 4) in dimension 2
/homes/tpeterka/nek5_svn/trunk/nek/convect.f:721.28:

               tr(i,3)=rx(i,7,e)*fx(i)+rx(i,8,e)*fy(i)+rx(i,9,e)*fz(i)  
                            1
Warning: Array reference at (1) is out of bounds (7 > 4) in dimension 2
/homes/tpeterka/nek5_svn/trunk/nek/convect.f:917.59:

              cs(i,e)=rx(i,4,e)*fx(i)+rx(i,5,e)*fy(i)+rx(i,6,e)*fz(i)   
                                                           1
Warning: Array reference at (1) is out of bounds (6 > 4) in dimension 2
/homes/tpeterka/nek5_svn/trunk/nek/convect.f:917.43:

              cs(i,e)=rx(i,4,e)*fx(i)+rx(i,5,e)*fy(i)+rx(i,6,e)*fz(i)   
                                           1
Warning: Array reference at (1) is out of bounds (5 > 4) in dimension 2
/homes/tpeterka/nek5_svn/trunk/nek/convect.f:918.59:

              ct(i,e)=rx(i,7,e)*fx(i)+rx(i,8,e)*fy(i)+rx(i,9,e)*fz(i)   
                                                           1
Warning: Array reference at (1) is out of bounds (9 > 4) in dimension 2
/homes/tpeterka/nek5_svn/trunk/nek/convect.f:918.43:

              ct(i,e)=rx(i,7,e)*fx(i)+rx(i,8,e)*fy(i)+rx(i,9,e)*fz(i)   
                                           1
Warning: Array reference at (1) is out of bounds (8 > 4) in dimension 2
/homes/tpeterka/nek5_svn/trunk/nek/convect.f:918.27:

              ct(i,e)=rx(i,7,e)*fx(i)+rx(i,8,e)*fy(i)+rx(i,9,e)*fz(i)   
                           1
Warning: Array reference at (1) is out of bounds (7 > 4) in dimension 2
mpif77 -c  -O2 -fcray-pointer -fdefault-real-8 -x f77-cpp-input -DPTRSIZE8 -DMPI -DLONGINT8 -DUNDERSCORE -DGLOBAL_LONG_LONG -I/homes/tpeterka/itl/examples/Nek5000/examples/eddy -I/homes/tpeterka/nek5_svn/trunk/nek -I./ /homes/tpeterka/nek5_svn/trunk/nek/induct.f -o obj/induct.o
/homes/tpeterka/nek5_svn/trunk/nek/convect.f:944.20:

      common /ctmp1/ work(lxyz1,lelt)                                   
                    1
Warning: Named COMMON block 'ctmp1' at (1) shall be of the same size
/homes/tpeterka/nek5_svn/trunk/nek/induct.f:188.20:

      COMMON /SCRNS/ TA1(LX1,LY1,LZ1,LELV)                              
                    1
Warning: Named COMMON block 'scrns' at (1) shall be of the same size
/homes/tpeterka/nek5_svn/trunk/nek/induct.f:428.35:

         c1 = lf(i,2)*b3(i) - lf(i,3)*b2(i)                             
                                   1
Warning: Array reference at (1) is out of bounds (3 > 2) in dimension 2
/homes/tpeterka/nek5_svn/trunk/nek/induct.f:429.19:

         c2 = lf(i,3)*b1(i) - lf(i,1)*b3(i)                             
                   1
Warning: Array reference at (1) is out of bounds (3 > 2) in dimension 2
/homes/tpeterka/nek5_svn/trunk/nek/induct.f:433.14:

         lf(i,3) = c3                                                   
              1
Warning: Array reference at (1) is out of bounds (3 > 2) in dimension 2
/homes/tpeterka/nek5_svn/trunk/nek/induct.f:1034.40:

     $                         ,vproj(1,5),ivproj(1,5),binvm1)          
                                        1
Warning: Array reference at (1) is out of bounds (5 > 4) in dimension 2
/homes/tpeterka/nek5_svn/trunk/nek/induct.f:1038.40:

     $                         ,vproj(1,6),ivproj(1,6),binvm1)          
                                        1
Warning: Array reference at (1) is out of bounds (6 > 4) in dimension 2
/homes/tpeterka/nek5_svn/trunk/nek/induct.f:1334.59:

     $            rx(i,4,e)*zm(i,1)+rx(i,5,e)*zm(i,2)+rx(i,6,e)*zm(i,3) 
                                                           1
Warning: Array reference at (1) is out of bounds (6 > 4) in dimension 2
/homes/tpeterka/nek5_svn/trunk/nek/induct.f:1334.41:

     $            rx(i,4,e)*zm(i,1)+rx(i,5,e)*zm(i,2)+rx(i,6,e)*zm(i,3) 
                                         1
Warning: Array reference at (1) is out of bounds (5 > 4) in dimension 2
/homes/tpeterka/nek5_svn/trunk/nek/induct.f:1336.59:

     $            rx(i,7,e)*zm(i,1)+rx(i,8,e)*zm(i,2)+rx(i,9,e)*zm(i,3) 
                                                           1
Warning: Array reference at (1) is out of bounds (9 > 4) in dimension 2
/homes/tpeterka/nek5_svn/trunk/nek/induct.f:1336.41:

     $            rx(i,7,e)*zm(i,1)+rx(i,8,e)*zm(i,2)+rx(i,9,e)*zm(i,3) 
                                         1
Warning: Array reference at (1) is out of bounds (8 > 4) in dimension 2
/homes/tpeterka/nek5_svn/trunk/nek/induct.f:1336.23:

     $            rx(i,7,e)*zm(i,1)+rx(i,8,e)*zm(i,2)+rx(i,9,e)*zm(i,3) 
                       1
Warning: Array reference at (1) is out of bounds (7 > 4) in dimension 2
/homes/tpeterka/nek5_svn/trunk/nek/induct.f:1363.59:

     $            rx(i,4,e)*zp(i,1)+rx(i,5,e)*zp(i,2)+rx(i,6,e)*zp(i,3) 
                                                           1
Warning: Array reference at (1) is out of bounds (6 > 4) in dimension 2
/homes/tpeterka/nek5_svn/trunk/nek/induct.f:1363.41:

     $            rx(i,4,e)*zp(i,1)+rx(i,5,e)*zp(i,2)+rx(i,6,e)*zp(i,3) 
                                         1
Warning: Array reference at (1) is out of bounds (5 > 4) in dimension 2
/homes/tpeterka/nek5_svn/trunk/nek/induct.f:1365.59:

     $            rx(i,7,e)*zp(i,1)+rx(i,8,e)*zp(i,2)+rx(i,9,e)*zp(i,3) 
                                                           1
Warning: Array reference at (1) is out of bounds (9 > 4) in dimension 2
/homes/tpeterka/nek5_svn/trunk/nek/induct.f:1365.41:

     $            rx(i,7,e)*zp(i,1)+rx(i,8,e)*zp(i,2)+rx(i,9,e)*zp(i,3) 
                                         1
Warning: Array reference at (1) is out of bounds (8 > 4) in dimension 2
/homes/tpeterka/nek5_svn/trunk/nek/induct.f:1365.23:

     $            rx(i,7,e)*zp(i,1)+rx(i,8,e)*zp(i,2)+rx(i,9,e)*zp(i,3) 
                       1
Warning: Array reference at (1) is out of bounds (7 > 4) in dimension 2
/homes/tpeterka/nek5_svn/trunk/nek/induct.f:1507.32:

            call intp_rstd(rx(1,5,e),sym1(1,1,1,e),nx1,nxd,if3d,0) ! 0 -
                                1
Warning: Array reference at (1) is out of bounds (5 > 4) in dimension 2
/homes/tpeterka/nek5_svn/trunk/nek/induct.f:1508.32:

            call intp_rstd(rx(1,6,e),szm1(1,1,1,e),nx1,nxd,if3d,0) ! 0 -
                                1
Warning: Array reference at (1) is out of bounds (6 > 4) in dimension 2
/homes/tpeterka/nek5_svn/trunk/nek/induct.f:1509.32:

            call intp_rstd(rx(1,7,e),txm1(1,1,1,e),nx1,nxd,if3d,0) ! 0 -
                                1
Warning: Array reference at (1) is out of bounds (7 > 4) in dimension 2
/homes/tpeterka/nek5_svn/trunk/nek/induct.f:1510.32:

            call intp_rstd(rx(1,8,e),tym1(1,1,1,e),nx1,nxd,if3d,0) ! 0 -
                                1
Warning: Array reference at (1) is out of bounds (8 > 4) in dimension 2
/homes/tpeterka/nek5_svn/trunk/nek/induct.f:1511.32:

            call intp_rstd(rx(1,9,e),tzm1(1,1,1,e),nx1,nxd,if3d,0) ! 0 -
                                1
Warning: Array reference at (1) is out of bounds (9 > 4) in dimension 2
mpif77 -c  -O2 -fcray-pointer -fdefault-real-8 -x f77-cpp-input -DPTRSIZE8 -DMPI -DLONGINT8 -DUNDERSCORE -DGLOBAL_LONG_LONG -I/homes/tpeterka/itl/examples/Nek5000/examples/eddy -I/homes/tpeterka/nek5_svn/trunk/nek -I./ /homes/tpeterka/nek5_svn/trunk/nek/perturb.f -o obj/perturb.o
mpif77 -c  -O2 -fcray-pointer -fdefault-real-8 -x f77-cpp-input -DPTRSIZE8 -DMPI -DLONGINT8 -DUNDERSCORE -DGLOBAL_LONG_LONG -I/homes/tpeterka/itl/examples/Nek5000/examples/eddy -I/homes/tpeterka/nek5_svn/trunk/nek -I./ /homes/tpeterka/nek5_svn/trunk/nek/navier5.f -o obj/navier5.o
/homes/tpeterka/nek5_svn/trunk/nek/perturb.f:254.20:

      COMMON /SCRNS/ TA1(LX1,LY1,LZ1,LELV)                              
                    1
Warning: Named COMMON block 'scrns' at (1) shall be of the same size
/homes/tpeterka/nek5_svn/trunk/nek/perturb.f:500.20:

      common /scruz/ ta (lx1,ly1,lz1,lelt)                              
                    1
Warning: Named COMMON block 'scruz' at (1) shall be of the same size
/homes/tpeterka/nek5_svn/trunk/nek/navier5.f:1907.27:

         s21 = sij(j1,j2,1,4,e)                                         
                           1
Warning: Array reference at (1) is out of bounds (4 > 3) in dimension 4
/homes/tpeterka/nek5_svn/trunk/nek/navier5.f:1908.27:

         s31 = sij(j1,j2,1,6,e)                                         
                           1
Warning: Array reference at (1) is out of bounds (6 > 3) in dimension 4
/homes/tpeterka/nek5_svn/trunk/nek/navier5.f:1910.27:

         s12 = sij(j1,j2,1,4,e)                                         
                           1
Warning: Array reference at (1) is out of bounds (4 > 3) in dimension 4
/homes/tpeterka/nek5_svn/trunk/nek/navier5.f:1912.27:

         s32 = sij(j1,j2,1,5,e)                                         
                           1
Warning: Array reference at (1) is out of bounds (5 > 3) in dimension 4
/homes/tpeterka/nek5_svn/trunk/nek/navier5.f:1914.27:

         s13 = sij(j1,j2,1,6,e)                                         
                           1
Warning: Array reference at (1) is out of bounds (6 > 3) in dimension 4
/homes/tpeterka/nek5_svn/trunk/nek/navier5.f:1915.27:

         s23 = sij(j1,j2,1,5,e)                                         
                           1
Warning: Array reference at (1) is out of bounds (5 > 3) in dimension 4
mpif77 -c  -O2 -fcray-pointer -fdefault-real-8 -x f77-cpp-input -DPTRSIZE8 -DMPI -DLONGINT8 -DUNDERSCORE -DGLOBAL_LONG_LONG -I/homes/tpeterka/itl/examples/Nek5000/examples/eddy -I/homes/tpeterka/nek5_svn/trunk/nek -I./ /homes/tpeterka/nek5_svn/trunk/nek/navier6.f -o obj/navier6.o
mpif77 -c  -O2 -fcray-pointer -fdefault-real-8 -x f77-cpp-input -DPTRSIZE8 -DMPI -DLONGINT8 -DUNDERSCORE -DGLOBAL_LONG_LONG -I/homes/tpeterka/itl/examples/Nek5000/examples/eddy -I/homes/tpeterka/nek5_svn/trunk/nek -I./ /homes/tpeterka/nek5_svn/trunk/nek/navier7.f -o obj/navier7.o
/homes/tpeterka/nek5_svn/trunk/nek/navier5.f:2566.21:

      common /scravg/ u (lyavg)                                         
                     1
Warning: Named COMMON block 'scravg' at (1) shall be of the same size
/homes/tpeterka/nek5_svn/trunk/nek/navier5.f:2916.14:

         xt(l,3) = z(i,j,k)                                             
              1
Warning: Array reference at (1) is out of bounds (3 > 2) in dimension 2
mpif77 -c  -O2 -fcray-pointer -fdefault-real-8 -x f77-cpp-input -DPTRSIZE8 -DMPI -DLONGINT8 -DUNDERSCORE -DGLOBAL_LONG_LONG -I/homes/tpeterka/itl/examples/Nek5000/examples/eddy -I/homes/tpeterka/nek5_svn/trunk/nek -I./ /homes/tpeterka/nek5_svn/trunk/nek/navier8.f -o obj/navier8.o
/homes/tpeterka/nek5_svn/trunk/nek/navier5.f:3077.30:

            s21 = sij(j1,j2,1,4,e)                                      
                              1
Warning: Array reference at (1) is out of bounds (4 > 3) in dimension 4
/homes/tpeterka/nek5_svn/trunk/nek/navier5.f:3078.30:

            s31 = sij(j1,j2,1,6,e)                                      
                              1
Warning: Array reference at (1) is out of bounds (6 > 3) in dimension 4
/homes/tpeterka/nek5_svn/trunk/nek/navier5.f:3080.30:

            s12 = sij(j1,j2,1,4,e)                                      
                              1
Warning: Array reference at (1) is out of bounds (4 > 3) in dimension 4
/homes/tpeterka/nek5_svn/trunk/nek/navier5.f:3082.30:

            s32 = sij(j1,j2,1,5,e)                                      
                              1
Warning: Array reference at (1) is out of bounds (5 > 3) in dimension 4
/homes/tpeterka/nek5_svn/trunk/nek/navier5.f:3084.30:

            s13 = sij(j1,j2,1,6,e)                                      
                              1
Warning: Array reference at (1) is out of bounds (6 > 3) in dimension 4
/homes/tpeterka/nek5_svn/trunk/nek/navier5.f:3085.30:

            s23 = sij(j1,j2,1,5,e)                                      
                              1
Warning: Array reference at (1) is out of bounds (5 > 3) in dimension 4
mpif77 -c  -O2 -fcray-pointer -fdefault-real-8 -x f77-cpp-input -DPTRSIZE8 -DMPI -DLONGINT8 -DUNDERSCORE -DGLOBAL_LONG_LONG -I/homes/tpeterka/itl/examples/Nek5000/examples/eddy -I/homes/tpeterka/nek5_svn/trunk/nek -I./ /homes/tpeterka/nek5_svn/trunk/nek/fast3d.f -o obj/fast3d.o
/homes/tpeterka/nek5_svn/trunk/nek/fast3d.f:1593.27:

            llr(i) = l(1,2,2,i)-lmr(i)                                  
                           1
Warning: Array reference at (1) is out of bounds (2 > 1) in dimension 3
/homes/tpeterka/nek5_svn/trunk/nek/fast3d.f:1594.27:

            lrr(i) = l(n,2,2,i)-lmr(i)                                  
                           1
Warning: Array reference at (1) is out of bounds (2 > 1) in dimension 3
/homes/tpeterka/nek5_svn/trunk/nek/fast3d.f:1595.27:

            lls(i) = l(2,1,2,i)-lms(i)                                  
                           1
Warning: Array reference at (1) is out of bounds (2 > 1) in dimension 3
/homes/tpeterka/nek5_svn/trunk/nek/fast3d.f:1596.27:

            lrs(i) = l(2,n,2,i)-lms(i)                                  
                           1
Warning: Array reference at (1) is out of bounds (2 > 1) in dimension 3
mpif77 -c  -O2 -fcray-pointer -fdefault-real-8 -x f77-cpp-input -DPTRSIZE8 -DMPI -DLONGINT8 -DUNDERSCORE -DGLOBAL_LONG_LONG -I/homes/tpeterka/itl/examples/Nek5000/examples/eddy -I/homes/tpeterka/nek5_svn/trunk/nek -I./ /homes/tpeterka/nek5_svn/trunk/nek/fasts.f -o obj/fasts.o
/homes/tpeterka/nek5_svn/trunk/nek/fasts.f:328.24:

                  l(i,j,2,ie)=1                                         
                        1
Warning: Array reference at (1) is out of bounds (2 > 1) in dimension 3
/homes/tpeterka/nek5_svn/trunk/nek/fasts.f:368.46:

                  w(i,j,1,3,ie)=1.0/l(i+1,j+1,2,ie)                     
                                              1
Warning: Array reference at (1) is out of bounds (2 > 1) in dimension 3
mpif77 -c  -O2 -fcray-pointer -fdefault-real-8 -x f77-cpp-input -DPTRSIZE8 -DMPI -DLONGINT8 -DUNDERSCORE -DGLOBAL_LONG_LONG -I/homes/tpeterka/itl/examples/Nek5000/examples/eddy -I/homes/tpeterka/nek5_svn/trunk/nek -I./ /homes/tpeterka/nek5_svn/trunk/nek/calcz.f -o obj/calcz.o
mpicc -c  -O2 -DPTRSIZE8 -DMPI -DLONGINT8 -DUNDERSCORE -DGLOBAL_LONG_LONG   /homes/tpeterka/nek5_svn/trunk/nek/byte.c -o obj/byte.o
/homes/tpeterka/nek5_svn/trunk/nek/byte.c: In function ‘byte_write_’:
/homes/tpeterka/nek5_svn/trunk/nek/byte.c:151: warning: unused variable ‘mode’
/homes/tpeterka/nek5_svn/trunk/nek/byte.c:150: warning: unused variable ‘flags’
/homes/tpeterka/nek5_svn/trunk/nek/byte.c: In function ‘byte_read_’:
/homes/tpeterka/nek5_svn/trunk/nek/byte.c:186: warning: unused variable ‘mode’
/homes/tpeterka/nek5_svn/trunk/nek/byte.c:185: warning: unused variable ‘flags’
/homes/tpeterka/nek5_svn/trunk/nek/byte.c:205: warning: ignoring return value of ‘fread’, declared with attribute warn_unused_result
mpicc -c  -O2 -DPTRSIZE8 -DMPI -DLONGINT8 -DUNDERSCORE -DGLOBAL_LONG_LONG   /homes/tpeterka/nek5_svn/trunk/nek/chelpers.c -o obj/chelpers.o
mpif77 -c  -O2 -fcray-pointer -fdefault-real-8 -x f77-cpp-input -DPTRSIZE8 -DMPI -DLONGINT8 -DUNDERSCORE -DGLOBAL_LONG_LONG -I/homes/tpeterka/itl/examples/Nek5000/examples/eddy -I/homes/tpeterka/nek5_svn/trunk/nek -I./ /homes/tpeterka/nek5_svn/trunk/nek/byte_mpi.f -o obj/byte_mpi.o
mpif77 -c  -O2 -fcray-pointer -fdefault-real-8 -x f77-cpp-input -DPTRSIZE8 -DMPI -DLONGINT8 -DUNDERSCORE -DGLOBAL_LONG_LONG -I/homes/tpeterka/itl/examples/Nek5000/examples/eddy -I/homes/tpeterka/nek5_svn/trunk/nek -I./ /homes/tpeterka/nek5_svn/trunk/nek/postpro.f -o obj/postpro.o
mpif77 -c  -O2 -fcray-pointer -fdefault-real-8 -x f77-cpp-input -DPTRSIZE8 -DMPI -DLONGINT8 -DUNDERSCORE -DGLOBAL_LONG_LONG -I/homes/tpeterka/itl/examples/Nek5000/examples/eddy -I/homes/tpeterka/nek5_svn/trunk/nek -I./ /homes/tpeterka/nek5_svn/trunk/nek/cvode_driver.f -o obj/cvode_driver.o
/homes/tpeterka/nek5_svn/trunk/nek/postpro.f:297.21:

            gije(i,k,3) = dj*(                                          
                     1
Warning: Array reference at (1) is out of bounds (3 > 2) in dimension 3
mpicc -c  -O2 -DPTRSIZE8 -DMPI -DLONGINT8 -DUNDERSCORE -DGLOBAL_LONG_LONG  -DPREFIX=jl_ /homes/tpeterka/nek5_svn/trunk/nek/nek_comm.c -o obj/nek_comm.o
mpif77 -c  -O2 -fcray-pointer -fdefault-real-8 -x f77-cpp-input -DPTRSIZE8 -DMPI -DLONGINT8 -DUNDERSCORE -DGLOBAL_LONG_LONG -I/homes/tpeterka/itl/examples/Nek5000/examples/eddy -I/homes/tpeterka/nek5_svn/trunk/nek -I./ /homes/tpeterka/nek5_svn/trunk/nek/init_plugin.f -o obj/init_plugin.o
/homes/tpeterka/nek5_svn/trunk/nek/postpro.f:889.25:

                  xyz(li,3,kb) = zm1(1+i*nxs,1+j*nys,1+k*nzs,e)         
                         1
Warning: Array reference at (1) is out of bounds (3 > 2) in dimension 2
/homes/tpeterka/nek5_svn/trunk/nek/postpro.f:920.46:

                  write(10,'(4g15.7)')(xyz(ic,3,kb),ic=1,4)             
                                              1
Warning: Array reference at (1) is out of bounds (3 > 2) in dimension 2
/homes/tpeterka/nek5_svn/trunk/nek/postpro.f:924.46:

                  write(10,'(4g15.7)')(xyz(ic,3,kb),ic=5,8)             
                                              1
Warning: Array reference at (1) is out of bounds (3 > 2) in dimension 2
/homes/tpeterka/nek5_svn/trunk/nek/postpro.f:954.20:

      common /scrns/ vcurve(5,12,lblock),wk(5*12*lblock)                
                    1
Warning: Named COMMON block 'scrns' at (1) shall be of the same size
/homes/tpeterka/nek5_svn/trunk/nek/postpro.f:955.20:

      common /scruz/ icurve(12,lblock)                                  
                    1
Warning: Named COMMON block 'scruz' at (1) shall be of the same size
mpif77 -c  -O2 -fcray-pointer -fdefault-real-8 -x f77-cpp-input -DPTRSIZE8 -DMPI -DLONGINT8 -DUNDERSCORE -DGLOBAL_LONG_LONG -I/homes/tpeterka/itl/examples/Nek5000/examples/eddy -I/homes/tpeterka/nek5_svn/trunk/nek -I./ /homes/tpeterka/nek5_svn/trunk/nek/setprop.f -o obj/setprop.o
mpif77 -c  -O2 -fcray-pointer -fdefault-real-8 -x f77-cpp-input -DPTRSIZE8 -DMPI -DLONGINT8 -DUNDERSCORE -DGLOBAL_LONG_LONG -I/homes/tpeterka/itl/examples/Nek5000/examples/eddy -I/homes/tpeterka/nek5_svn/trunk/nek -I./ /homes/tpeterka/nek5_svn/trunk/nek/qthermal.f -o obj/qthermal.o
/homes/tpeterka/nek5_svn/trunk/nek/postpro.f:1284.27:

     &                 pts(3,1),ndim,npoints)                           
                           1
Warning: Array reference at (1) is out of bounds (3 > 2) in dimension 1
/homes/tpeterka/nek5_svn/trunk/nek/postpro.f:1375.72:

        goto 101                                                        
                                                                        1
/homes/tpeterka/nek5_svn/trunk/nek/postpro.f:1377.72:

 101  endif                                                             
                                                                        2
Warning: Deleted feature: GOTO at (1) jumps to END of construct at (2)
mpif77 -c  -O2 -fcray-pointer -fdefault-real-8 -x f77-cpp-input -DPTRSIZE8 -DMPI -DLONGINT8 -DUNDERSCORE -DGLOBAL_LONG_LONG -I/homes/tpeterka/itl/examples/Nek5000/examples/eddy -I/homes/tpeterka/nek5_svn/trunk/nek -I./ /homes/tpeterka/nek5_svn/trunk/nek/cvode_aux.f -o obj/cvode_aux.o
mpif77 -c  -O2 -fcray-pointer -fdefault-real-8 -x f77-cpp-input -DPTRSIZE8 -DMPI -DLONGINT8 -DUNDERSCORE -DGLOBAL_LONG_LONG -I/homes/tpeterka/itl/examples/Nek5000/examples/eddy -I/homes/tpeterka/nek5_svn/trunk/nek -I./ /homes/tpeterka/nek5_svn/trunk/nek/makeq_aux.f -o obj/makeq_aux.o
mpif77 -c  -O2 -fcray-pointer -fdefault-real-8 -x f77-cpp-input -DPTRSIZE8 -DMPI -DLONGINT8 -DUNDERSCORE -DGLOBAL_LONG_LONG -I/homes/tpeterka/itl/examples/Nek5000/examples/eddy -I/homes/tpeterka/nek5_svn/trunk/nek -I./ /homes/tpeterka/nek5_svn/trunk/nek/papi.f -o obj/papi.o
mpif77 -c  -O0      -DPTRSIZE8 -DMPI -DLONGINT8 -DUNDERSCORE -DGLOBAL_LONG_LONG -I/homes/tpeterka/itl/examples/Nek5000/examples/eddy -I/homes/tpeterka/nek5_svn/trunk/nek -I./ /homes/tpeterka/nek5_svn/trunk/nek/3rd_party/ssygv.f -o obj/ssygv.o
mpif77 -c  -O0      -DPTRSIZE8 -DMPI -DLONGINT8 -DUNDERSCORE -DGLOBAL_LONG_LONG -I/homes/tpeterka/itl/examples/Nek5000/examples/eddy -I/homes/tpeterka/nek5_svn/trunk/nek -I./ /homes/tpeterka/nek5_svn/trunk/nek/3rd_party/dsygv.f -o obj/dsygv.o
mpif77 -c  -O3 -fcray-pointer -fdefault-real-8 -x f77-cpp-input -DPTRSIZE8 -DMPI -DLONGINT8 -DUNDERSCORE -DGLOBAL_LONG_LONG -I/homes/tpeterka/itl/examples/Nek5000/examples/eddy -I/homes/tpeterka/nek5_svn/trunk/nek -I./ /homes/tpeterka/nek5_svn/trunk/nek/mxm_std.f -o obj/mxm_std.o
mpif77 -c  -O0      -DPTRSIZE8 -DMPI -DLONGINT8 -DUNDERSCORE -DGLOBAL_LONG_LONG -I/homes/tpeterka/itl/examples/Nek5000/examples/eddy -I/homes/tpeterka/nek5_svn/trunk/nek -I./ /homes/tpeterka/nek5_svn/trunk/nek/3rd_party/blas.f -o obj/blas.o
mpif77 -c  -O2 -fcray-pointer -fdefault-real-8 -x f77-cpp-input -DPTRSIZE8 -DMPI -DLONGINT8 -DUNDERSCORE -DGLOBAL_LONG_LONG -I/homes/tpeterka/itl/examples/Nek5000/examples/eddy -I/homes/tpeterka/nek5_svn/trunk/nek -I./ /homes/tpeterka/nek5_svn/trunk/nek/comm_mpi.f -o obj/comm_mpi.o
mpicc -c  -O2 -DPTRSIZE8 -DMPI -DLONGINT8 -DUNDERSCORE -DGLOBAL_LONG_LONG  -DPREFIX=jl_ /homes/tpeterka/nek5_svn/trunk/nek/jl/../jl2/gs.c -o obj/jl2_gs.o
/homes/tpeterka/nek5_svn/trunk/nek/jl/../jl2/comm.h:137: warning: ‘comm_recv’ defined but not used
/homes/tpeterka/nek5_svn/trunk/nek/jl/../jl2/comm.h:150: warning: ‘comm_send’ defined but not used
/homes/tpeterka/nek5_svn/trunk/nek/jl/../jl2/comm.h:63: warning: ‘comm_reduce_double’ defined but not used
/homes/tpeterka/nek5_svn/trunk/nek/jl/../jl2/comm.h:63: warning: ‘comm_reduce_float’ defined but not used
/homes/tpeterka/nek5_svn/trunk/nek/jl/../jl2/comm.h:63: warning: ‘comm_reduce_int’ defined but not used
/homes/tpeterka/nek5_svn/trunk/nek/jl/../jl2/comm.h:63: warning: ‘comm_reduce_long’ defined but not used
/homes/tpeterka/nek5_svn/trunk/nek/jl/../jl2/comm.h:63: warning: ‘comm_reduce_long_long’ defined but not used
/homes/tpeterka/nek5_svn/trunk/nek/jl/../jl2/mem.h:26: warning: ‘scalloc’ defined but not used
/homes/tpeterka/nek5_svn/trunk/nek/jl/../jl2/mem.h:96: warning: ‘align_as_’ defined but not used
/homes/tpeterka/nek5_svn/trunk/nek/3rd_party/blas.f:9764.15:

      GO TO IGO,(120,150,180,210)                                       
               1
Warning: Deleted feature: Assigned GOTO statement at (1)
/homes/tpeterka/nek5_svn/trunk/nek/3rd_party/blas.f:9770.72:

               ASSIGN 120 TO IGO                                        
                                                                        1
Warning: Deleted feature: ASSIGN statement at (1)
/homes/tpeterka/nek5_svn/trunk/nek/3rd_party/blas.f:9782.72:

               ASSIGN 150 TO IGO                                        
                                                                        1
Warning: Deleted feature: ASSIGN statement at (1)
/homes/tpeterka/nek5_svn/trunk/nek/3rd_party/blas.f:9795.72:

               ASSIGN 180 TO IGO                                        
                                                                        1
Warning: Deleted feature: ASSIGN statement at (1)
/homes/tpeterka/nek5_svn/trunk/nek/3rd_party/blas.f:9806.72:

               ASSIGN 210 TO IGO                                        
                                                                        1
Warning: Deleted feature: ASSIGN statement at (1)
/homes/tpeterka/nek5_svn/trunk/nek/3rd_party/blas.f:17277.15:

      GO TO IGO,(120,150,180,210)                                       
               1
Warning: Deleted feature: Assigned GOTO statement at (1)
/homes/tpeterka/nek5_svn/trunk/nek/3rd_party/blas.f:17283.72:

               ASSIGN 120 TO IGO                                        
                                                                        1
Warning: Deleted feature: ASSIGN statement at (1)
/homes/tpeterka/nek5_svn/trunk/nek/3rd_party/blas.f:17295.72:

               ASSIGN 150 TO IGO                                        
                                                                        1
Warning: Deleted feature: ASSIGN statement at (1)
/homes/tpeterka/nek5_svn/trunk/nek/3rd_party/blas.f:17308.72:

               ASSIGN 180 TO IGO                                        
                                                                        1
Warning: Deleted feature: ASSIGN statement at (1)
/homes/tpeterka/nek5_svn/trunk/nek/3rd_party/blas.f:17319.72:

               ASSIGN 210 TO IGO                                        
                                                                        1
Warning: Deleted feature: ASSIGN statement at (1)
/homes/tpeterka/nek5_svn/trunk/nek/jl/../jl2/gs.c: In function ‘crl_work_init’:
/homes/tpeterka/nek5_svn/trunk/nek/jl/../jl2/gs.c:558: warning: ‘added_myself’ may be used uninitialized in this function
mpicc -c  -O2 -DPTRSIZE8 -DMPI -DLONGINT8 -DUNDERSCORE -DGLOBAL_LONG_LONG  -DPREFIX=jl_ /homes/tpeterka/nek5_svn/trunk/nek/jl/../jl2/sort.c -o obj/jl2_sort.o
mpicc -c  -O2 -DPTRSIZE8 -DMPI -DLONGINT8 -DUNDERSCORE -DGLOBAL_LONG_LONG  -DPREFIX=jl_ /homes/tpeterka/nek5_svn/trunk/nek/jl/../jl2/sarray_transfer.c -o obj/jl2_sarray_transfer.o
/homes/tpeterka/nek5_svn/trunk/nek/jl/../jl2/mem.h:26: warning: ‘scalloc’ defined but not used
/homes/tpeterka/nek5_svn/trunk/nek/jl/../jl2/mem.h:55: warning: ‘array_init_’ defined but not used
/homes/tpeterka/nek5_svn/trunk/nek/jl/../jl2/mem.h:77: warning: ‘array_free’ defined but not used
/homes/tpeterka/nek5_svn/trunk/nek/jl/../jl2/comm.h:89: warning: ‘comm_init_check’ defined but not used
/homes/tpeterka/nek5_svn/trunk/nek/jl/../jl2/comm.h:114: warning: ‘comm_free’ defined but not used
/homes/tpeterka/nek5_svn/trunk/nek/jl/../jl2/comm.h:121: warning: ‘comm_time’ defined but not used
/homes/tpeterka/nek5_svn/trunk/nek/jl/../jl2/comm.h:130: warning: ‘comm_barrier’ defined but not used
/homes/tpeterka/nek5_svn/trunk/nek/jl/../jl2/comm.h:137: warning: ‘comm_recv’ defined but not used
/homes/tpeterka/nek5_svn/trunk/nek/jl/../jl2/comm.h:150: warning: ‘comm_send’ defined but not used
/homes/tpeterka/nek5_svn/trunk/nek/jl/../jl2/comm.h:158: warning: ‘comm_irecv’ defined but not used
/homes/tpeterka/nek5_svn/trunk/nek/jl/../jl2/comm.h:166: warning: ‘comm_isend’ defined but not used
/homes/tpeterka/nek5_svn/trunk/nek/jl/../jl2/comm.h:174: warning: ‘comm_wait’ defined but not used
/homes/tpeterka/nek5_svn/trunk/nek/jl/../jl2/comm.h:103: warning: ‘comm_dup_’ defined but not used
/homes/tpeterka/nek5_svn/trunk/nek/jl/../jl2/mem.h:26: warning: ‘scalloc’ defined but not used
/homes/tpeterka/nek5_svn/trunk/nek/jl/../jl2/mem.h:55: warning: ‘array_init_’ defined but not used
/homes/tpeterka/nek5_svn/trunk/nek/jl/../jl2/mem.h:77: warning: ‘array_free’ defined but not used
/homes/tpeterka/nek5_svn/trunk/nek/jl/../jl2/mem.h:96: warning: ‘align_as_’ defined but not used
mpicc -c  -O2 -DPTRSIZE8 -DMPI -DLONGINT8 -DUNDERSCORE -DGLOBAL_LONG_LONG  -DPREFIX=jl_ /homes/tpeterka/nek5_svn/trunk/nek/jl/../jl2/sarray_sort.c -o obj/jl2_sarray_sort.o
/homes/tpeterka/nek5_svn/trunk/nek/jl/../jl2/mem.h:26: warning: ‘scalloc’ defined but not used
/homes/tpeterka/nek5_svn/trunk/nek/jl/../jl2/mem.h:55: warning: ‘array_init_’ defined but not used
/homes/tpeterka/nek5_svn/trunk/nek/jl/../jl2/mem.h:77: warning: ‘array_free’ defined but not used
mpicc -c  -O2 -DPTRSIZE8 -DMPI -DLONGINT8 -DUNDERSCORE -DGLOBAL_LONG_LONG  -DPREFIX=jl_ /homes/tpeterka/nek5_svn/trunk/nek/jl/../jl2/gs_local.c -o obj/jl2_gs_local.o
mpicc -c  -O2 -DPTRSIZE8 -DMPI -DLONGINT8 -DUNDERSCORE -DGLOBAL_LONG_LONG  -DPREFIX=jl_ /homes/tpeterka/nek5_svn/trunk/nek/jl/../jl2/crystal.c -o obj/jl2_crystal.o
/homes/tpeterka/nek5_svn/trunk/nek/jl/../jl2/comm.h:89: warning: ‘comm_init_check’ defined but not used
/homes/tpeterka/nek5_svn/trunk/nek/jl/../jl2/comm.h:121: warning: ‘comm_time’ defined but not used
/homes/tpeterka/nek5_svn/trunk/nek/jl/../jl2/comm.h:130: warning: ‘comm_barrier’ defined but not used
/homes/tpeterka/nek5_svn/trunk/nek/jl/../jl2/comm.h:137: warning: ‘comm_recv’ defined but not used
/homes/tpeterka/nek5_svn/trunk/nek/jl/../jl2/comm.h:150: warning: ‘comm_send’ defined but not used
/homes/tpeterka/nek5_svn/trunk/nek/jl/../jl2/mem.h:26: warning: ‘scalloc’ defined but not used
/homes/tpeterka/nek5_svn/trunk/nek/jl/../jl2/mem.h:96: warning: ‘align_as_’ defined but not used
mpicc -c  -O2 -DPTRSIZE8 -DMPI -DLONGINT8 -DUNDERSCORE -DGLOBAL_LONG_LONG  -DPREFIX=jl_ /homes/tpeterka/nek5_svn/trunk/nek/jl/../jl2/comm.c -o obj/jl2_comm.o
/homes/tpeterka/nek5_svn/trunk/nek/jl/../jl2/tensor.h:81: warning: ‘tensor_i1’ defined but not used
/homes/tpeterka/nek5_svn/trunk/nek/jl/../jl2/tensor.h:87: warning: ‘tensor_i2’ defined but not used
/homes/tpeterka/nek5_svn/trunk/nek/jl/../jl2/tensor.h:96: warning: ‘tensor_i3’ defined but not used
/homes/tpeterka/nek5_svn/trunk/nek/jl/../jl2/tensor.h:124: warning: ‘tensor_ig1’ defined but not used
/homes/tpeterka/nek5_svn/trunk/nek/jl/../jl2/tensor.h:133: warning: ‘tensor_ig2’ defined but not used
/homes/tpeterka/nek5_svn/trunk/nek/jl/../jl2/tensor.h:145: warning: ‘tensor_ig3’ defined but not used
/homes/tpeterka/nek5_svn/trunk/nek/jl/../jl2/tensor.h:168: warning: ‘tensor_2t’ defined but not used
/homes/tpeterka/nek5_svn/trunk/nek/jl/../jl2/tensor.h:183: warning: ‘tensor_3t’ defined but not used
/homes/tpeterka/nek5_svn/trunk/nek/jl/../jl2/comm.h:89: warning: ‘comm_init_check’ defined but not used
/homes/tpeterka/nek5_svn/trunk/nek/jl/../jl2/comm.h:114: warning: ‘comm_free’ defined but not used
/homes/tpeterka/nek5_svn/trunk/nek/jl/../jl2/comm.h:121: warning: ‘comm_time’ defined but not used
/homes/tpeterka/nek5_svn/trunk/nek/jl/../jl2/comm.h:130: warning: ‘comm_barrier’ defined but not used
/homes/tpeterka/nek5_svn/trunk/nek/jl/../jl2/comm.h:63: warning: ‘comm_reduce_double’ defined but not used
/homes/tpeterka/nek5_svn/trunk/nek/jl/../jl2/comm.h:63: warning: ‘comm_reduce_float’ defined but not used
/homes/tpeterka/nek5_svn/trunk/nek/jl/../jl2/comm.h:63: warning: ‘comm_reduce_int’ defined but not used
/homes/tpeterka/nek5_svn/trunk/nek/jl/../jl2/comm.h:63: warning: ‘comm_reduce_long’ defined but not used
/homes/tpeterka/nek5_svn/trunk/nek/jl/../jl2/comm.h:63: warning: ‘comm_reduce_long_long’ defined but not used
/homes/tpeterka/nek5_svn/trunk/nek/jl/../jl2/comm.h:103: warning: ‘comm_dup_’ defined but not used
mpicc -c  -O2 -DPTRSIZE8 -DMPI -DLONGINT8 -DUNDERSCORE -DGLOBAL_LONG_LONG  -DPREFIX=jl_ /homes/tpeterka/nek5_svn/trunk/nek/jl/../jl2/tensor.c -o obj/jl2_tensor.o
mpicc -c  -O2 -DPTRSIZE8 -DMPI -DLONGINT8 -DUNDERSCORE -DGLOBAL_LONG_LONG  -DPREFIX=jl_ /homes/tpeterka/nek5_svn/trunk/nek/jl/../jl2/fail.c -o obj/jl2_fail.o
/homes/tpeterka/nek5_svn/trunk/nek/jl/../jl2/fail.c: In function ‘jl_fail’:
/homes/tpeterka/nek5_svn/trunk/nek/jl/../jl2/fail.c:39: warning: implicit declaration of function ‘exitt_’
/homes/tpeterka/nek5_svn/trunk/nek/jl/../jl2/fail.c:41: warning: ‘noreturn’ function does return
/homes/tpeterka/nek5_svn/trunk/nek/jl/../jl2/fail.c: At top level:
/homes/tpeterka/nek5_svn/trunk/nek/jl/../jl2/comm.h:89: warning: ‘comm_init_check’ defined but not used
/homes/tpeterka/nek5_svn/trunk/nek/jl/../jl2/comm.h:114: warning: ‘comm_free’ defined but not used
/homes/tpeterka/nek5_svn/trunk/nek/jl/../jl2/comm.h:121: warning: ‘comm_time’ defined but not used
/homes/tpeterka/nek5_svn/trunk/nek/jl/../jl2/comm.h:130: warning: ‘comm_barrier’ defined but not used
/homes/tpeterka/nek5_svn/trunk/nek/jl/../jl2/comm.h:137: warning: ‘comm_recv’ defined but not used
/homes/tpeterka/nek5_svn/trunk/nek/jl/../jl2/comm.h:150: warning: ‘comm_send’ defined but not used
/homes/tpeterka/nek5_svn/trunk/nek/jl/../jl2/comm.h:158: warning: ‘comm_irecv’ defined but not used
/homes/tpeterka/nek5_svn/trunk/nek/jl/../jl2/comm.h:166: warning: ‘comm_isend’ defined but not used
/homes/tpeterka/nek5_svn/trunk/nek/jl/../jl2/comm.h:174: warning: ‘comm_wait’ defined but not used
/homes/tpeterka/nek5_svn/trunk/nek/jl/../jl2/comm.h:103: warning: ‘comm_dup_’ defined but not used
mpicc -c  -O2 -DPTRSIZE8 -DMPI -DLONGINT8 -DUNDERSCORE -DGLOBAL_LONG_LONG  -DPREFIX=jl_ /homes/tpeterka/nek5_svn/trunk/nek/jl/../jl2/fcrystal.c -o obj/jl2_fcrystal.o
/homes/tpeterka/nek5_svn/trunk/nek/jl/../jl2/mem.h:26: warning: ‘scalloc’ defined but not used
/homes/tpeterka/nek5_svn/trunk/nek/jl/../jl2/mem.h:65: warning: ‘array_reserve_’ defined but not used
/homes/tpeterka/nek5_svn/trunk/nek/jl/../jl2/mem.h:77: warning: ‘array_free’ defined but not used
/homes/tpeterka/nek5_svn/trunk/nek/jl/../jl2/mem.h:96: warning: ‘align_as_’ defined but not used
/homes/tpeterka/nek5_svn/trunk/nek/jl/../jl2/comm.h:114: warning: ‘comm_free’ defined but not used
/homes/tpeterka/nek5_svn/trunk/nek/jl/../jl2/comm.h:121: warning: ‘comm_time’ defined but not used
/homes/tpeterka/nek5_svn/trunk/nek/jl/../jl2/comm.h:130: warning: ‘comm_barrier’ defined but not used
/homes/tpeterka/nek5_svn/trunk/nek/jl/../jl2/comm.h:137: warning: ‘comm_recv’ defined but not used
/homes/tpeterka/nek5_svn/trunk/nek/jl/../jl2/comm.h:150: warning: ‘comm_send’ defined but not used
/homes/tpeterka/nek5_svn/trunk/nek/jl/../jl2/comm.h:158: warning: ‘comm_irecv’ defined but not used
/homes/tpeterka/nek5_svn/trunk/nek/jl/../jl2/comm.h:166: warning: ‘comm_isend’ defined but not used
/homes/tpeterka/nek5_svn/trunk/nek/jl/../jl2/comm.h:174: warning: ‘comm_wait’ defined but not used
/homes/tpeterka/nek5_svn/trunk/nek/jl/../jl2/comm.h:103: warning: ‘comm_dup_’ defined but not used
mpicc -c  -O2 -DPTRSIZE8 -DMPI -DLONGINT8 -DUNDERSCORE -DGLOBAL_LONG_LONG   /homes/tpeterka/nek5_svn/trunk/nek/jl/tuple_list.c -o obj/jl_tuple_list.o
/homes/tpeterka/nek5_svn/trunk/nek/jl/errmem.h:21: warning: ‘failwith’ defined but not used
/homes/tpeterka/nek5_svn/trunk/nek/jl/errmem.h:33: warning: ‘scalloc’ defined but not used
/homes/tpeterka/nek5_svn/trunk/nek/jl/errmem.h:56: warning: ‘buffer_init_’ defined but not used
/homes/tpeterka/nek5_svn/trunk/nek/jl/errmem.h:70: warning: ‘buffer_free’ defined but not used
/homes/tpeterka/nek5_svn/trunk/nek/jl/minmax.h:27: warning: ‘iminmax_2’ defined but not used
/homes/tpeterka/nek5_svn/trunk/nek/jl/minmax.h:27: warning: ‘imin_3’ defined but not used
/homes/tpeterka/nek5_svn/trunk/nek/jl/minmax.h:27: warning: ‘imax_3’ defined but not used
/homes/tpeterka/nek5_svn/trunk/nek/jl/minmax.h:27: warning: ‘iminmax_3’ defined but not used
/homes/tpeterka/nek5_svn/trunk/nek/jl/minmax.h:28: warning: ‘uminmax_2’ defined but not used
/homes/tpeterka/nek5_svn/trunk/nek/jl/minmax.h:28: warning: ‘umin_3’ defined but not used
/homes/tpeterka/nek5_svn/trunk/nek/jl/minmax.h:28: warning: ‘uminmax_3’ defined but not used
/homes/tpeterka/nek5_svn/trunk/nek/jl/minmax.h:29: warning: ‘rminmax_2’ defined but not used
/homes/tpeterka/nek5_svn/trunk/nek/jl/minmax.h:29: warning: ‘rmin_3’ defined but not used
/homes/tpeterka/nek5_svn/trunk/nek/jl/minmax.h:29: warning: ‘rmax_3’ defined but not used
/homes/tpeterka/nek5_svn/trunk/nek/jl/minmax.h:29: warning: ‘rminmax_3’ defined but not used
/homes/tpeterka/nek5_svn/trunk/nek/jl/minmax.h:32: warning: ‘r1norm_1’ defined but not used
/homes/tpeterka/nek5_svn/trunk/nek/jl/minmax.h:33: warning: ‘r1norm_2’ defined but not used
/homes/tpeterka/nek5_svn/trunk/nek/jl/minmax.h:34: warning: ‘r1norm_3’ defined but not used
/homes/tpeterka/nek5_svn/trunk/nek/jl/minmax.h:36: warning: ‘r2norm_1’ defined but not used
/homes/tpeterka/nek5_svn/trunk/nek/jl/minmax.h:37: warning: ‘r2norm_2’ defined but not used
/homes/tpeterka/nek5_svn/trunk/nek/jl/minmax.h:38: warning: ‘r2norm_3’ defined but not used
mpicc -c  -O2 -DPTRSIZE8 -DMPI -DLONGINT8 -DUNDERSCORE -DGLOBAL_LONG_LONG   /homes/tpeterka/nek5_svn/trunk/nek/jl/transfer.c -o obj/jl_transfer.o
mpicc -c  -O2 -DPTRSIZE8 -DMPI -DLONGINT8 -DUNDERSCORE -DGLOBAL_LONG_LONG   /homes/tpeterka/nek5_svn/trunk/nek/jl/sort.c -o obj/jl_sort.o
/homes/tpeterka/nek5_svn/trunk/nek/jl/errmem.h:21: warning: ‘failwith’ defined but not used
/homes/tpeterka/nek5_svn/trunk/nek/jl/errmem.h:33: warning: ‘scalloc’ defined but not used
/homes/tpeterka/nek5_svn/trunk/nek/jl/errmem.h:56: warning: ‘buffer_init_’ defined but not used
/homes/tpeterka/nek5_svn/trunk/nek/jl/errmem.h:70: warning: ‘buffer_free’ defined but not used
/homes/tpeterka/nek5_svn/trunk/nek/jl/minmax.h:27: warning: ‘iminmax_2’ defined but not used
/homes/tpeterka/nek5_svn/trunk/nek/jl/minmax.h:27: warning: ‘imin_3’ defined but not used
/homes/tpeterka/nek5_svn/trunk/nek/jl/minmax.h:27: warning: ‘imax_3’ defined but not used
/homes/tpeterka/nek5_svn/trunk/nek/jl/minmax.h:27: warning: ‘iminmax_3’ defined but not used
/homes/tpeterka/nek5_svn/trunk/nek/jl/minmax.h:28: warning: ‘uminmax_2’ defined but not used
/homes/tpeterka/nek5_svn/trunk/nek/jl/minmax.h:28: warning: ‘umin_3’ defined but not used
/homes/tpeterka/nek5_svn/trunk/nek/jl/minmax.h:28: warning: ‘umax_3’ defined but not used
/homes/tpeterka/nek5_svn/trunk/nek/jl/minmax.h:28: warning: ‘uminmax_3’ defined but not used
/homes/tpeterka/nek5_svn/trunk/nek/jl/minmax.h:29: warning: ‘rminmax_2’ defined but not used
/homes/tpeterka/nek5_svn/trunk/nek/jl/minmax.h:29: warning: ‘rmin_3’ defined but not used
/homes/tpeterka/nek5_svn/trunk/nek/jl/minmax.h:29: warning: ‘rmax_3’ defined but not used
/homes/tpeterka/nek5_svn/trunk/nek/jl/minmax.h:29: warning: ‘rminmax_3’ defined but not used
/homes/tpeterka/nek5_svn/trunk/nek/jl/minmax.h:32: warning: ‘r1norm_1’ defined but not used
/homes/tpeterka/nek5_svn/trunk/nek/jl/minmax.h:33: warning: ‘r1norm_2’ defined but not used
/homes/tpeterka/nek5_svn/trunk/nek/jl/minmax.h:34: warning: ‘r1norm_3’ defined but not used
/homes/tpeterka/nek5_svn/trunk/nek/jl/minmax.h:36: warning: ‘r2norm_1’ defined but not used
/homes/tpeterka/nek5_svn/trunk/nek/jl/minmax.h:37: warning: ‘r2norm_2’ defined but not used
/homes/tpeterka/nek5_svn/trunk/nek/jl/minmax.h:38: warning: ‘r2norm_3’ defined but not used
/homes/tpeterka/nek5_svn/trunk/nek/jl/tuple_list.h:33: warning: ‘tuple_list_init’ defined but not used
/homes/tpeterka/nek5_svn/trunk/nek/jl/tuple_list.h:41: warning: ‘tuple_list_init_max’ defined but not used
/homes/tpeterka/nek5_svn/trunk/nek/jl/tuple_list.h:51: warning: ‘tuple_list_free’ defined but not used
/homes/tpeterka/nek5_svn/trunk/nek/jl/tuple_list.h:63: warning: ‘tuple_list_reserve’ defined but not used
mpicc -c  -O2 -DPTRSIZE8 -DMPI -DLONGINT8 -DUNDERSCORE -DGLOBAL_LONG_LONG   /homes/tpeterka/nek5_svn/trunk/nek/jl/fcrystal.c -o obj/jl_fcrystal.o
/homes/tpeterka/nek5_svn/trunk/nek/jl/errmem.h:33: warning: ‘scalloc’ defined but not used
/homes/tpeterka/nek5_svn/trunk/nek/jl/errmem.h:56: warning: ‘buffer_init_’ defined but not used
/homes/tpeterka/nek5_svn/trunk/nek/jl/errmem.h:60: warning: ‘buffer_reserve_’ defined but not used
/homes/tpeterka/nek5_svn/trunk/nek/jl/errmem.h:70: warning: ‘buffer_free’ defined but not used
/homes/tpeterka/nek5_svn/trunk/nek/jl/tuple_list.h:33: warning: ‘tuple_list_init’ defined but not used
/homes/tpeterka/nek5_svn/trunk/nek/jl/tuple_list.h:41: warning: ‘tuple_list_init_max’ defined but not used
/homes/tpeterka/nek5_svn/trunk/nek/jl/tuple_list.h:51: warning: ‘tuple_list_free’ defined but not used
/homes/tpeterka/nek5_svn/trunk/nek/jl/tuple_list.h:63: warning: ‘tuple_list_reserve’ defined but not used
/homes/tpeterka/nek5_svn/trunk/nek/jl/tuple_list.h:73: warning: ‘tuple_list_grow’ defined but not used
mpicc -c  -O2 -DPTRSIZE8 -DMPI -DLONGINT8 -DUNDERSCORE -DGLOBAL_LONG_LONG   /homes/tpeterka/nek5_svn/trunk/nek/jl/errmem.c -o obj/jl_errmem.o
/homes/tpeterka/nek5_svn/trunk/nek/jl/errmem.c: In function ‘fail’:
/homes/tpeterka/nek5_svn/trunk/nek/jl/errmem.c:15: warning: ‘noreturn’ function does return
/homes/tpeterka/nek5_svn/trunk/nek/jl/errmem.c: At top level:
/homes/tpeterka/nek5_svn/trunk/nek/jl/errmem.h:21: warning: ‘failwith’ defined but not used
/homes/tpeterka/nek5_svn/trunk/nek/jl/errmem.h:33: warning: ‘scalloc’ defined but not used
/homes/tpeterka/nek5_svn/trunk/nek/jl/errmem.h:56: warning: ‘buffer_init_’ defined but not used
/homes/tpeterka/nek5_svn/trunk/nek/jl/errmem.h:60: warning: ‘buffer_reserve_’ defined but not used
/homes/tpeterka/nek5_svn/trunk/nek/jl/errmem.h:70: warning: ‘buffer_free’ defined but not used
mpicc -c  -O2 -DPTRSIZE8 -DMPI -DLONGINT8 -DUNDERSCORE -DGLOBAL_LONG_LONG   /homes/tpeterka/nek5_svn/trunk/nek/jl/crystal.c -o obj/jl_crystal.o
mpicc -c  -O2 -DPTRSIZE8 -DMPI -DLONGINT8 -DUNDERSCORE -DGLOBAL_LONG_LONG  -DPREFIX=jl_ /homes/tpeterka/nek5_svn/trunk/nek/jl/../jl2/findpts.c -o obj/jl2_findpts.o
/homes/tpeterka/nek5_svn/trunk/nek/jl/errmem.h:21: warning: ‘failwith’ defined but not used
/homes/tpeterka/nek5_svn/trunk/nek/jl/errmem.h:33: warning: ‘scalloc’ defined but not used
/homes/tpeterka/nek5_svn/trunk/nek/jl/../jl2/mem.h:65: warning: ‘array_reserve_’ defined but not used
/homes/tpeterka/nek5_svn/trunk/nek/jl/../jl2/mem.h:96: warning: ‘align_as_’ defined but not used
/homes/tpeterka/nek5_svn/trunk/nek/jl/../jl2/obbox.h:77: warning: ‘obbox_test_2’ defined but not used
/homes/tpeterka/nek5_svn/trunk/nek/jl/../jl2/obbox.h:99: warning: ‘obbox_test_3’ defined but not used
/homes/tpeterka/nek5_svn/trunk/nek/jl/../jl2/findpts_el.h:51: warning: ‘findpts_el_start_2’ defined but not used
/homes/tpeterka/nek5_svn/trunk/nek/jl/../jl2/findpts_el.h:57: warning: ‘findpts_el_points_2’ defined but not used
/homes/tpeterka/nek5_svn/trunk/nek/jl/../jl2/findpts_el.h:110: warning: ‘findpts_el_start_3’ defined but not used
/homes/tpeterka/nek5_svn/trunk/nek/jl/../jl2/findpts_el.h:116: warning: ‘findpts_el_points_3’ defined but not used
/homes/tpeterka/nek5_svn/trunk/nek/jl/../jl2/comm.h:114: warning: ‘comm_free’ defined but not used
/homes/tpeterka/nek5_svn/trunk/nek/jl/../jl2/comm.h:121: warning: ‘comm_time’ defined but not used
/homes/tpeterka/nek5_svn/trunk/nek/jl/../jl2/comm.h:130: warning: ‘comm_barrier’ defined but not used
/homes/tpeterka/nek5_svn/trunk/nek/jl/../jl2/comm.h:137: warning: ‘comm_recv’ defined but not used
/homes/tpeterka/nek5_svn/trunk/nek/jl/../jl2/comm.h:150: warning: ‘comm_send’ defined but not used
/homes/tpeterka/nek5_svn/trunk/nek/jl/../jl2/comm.h:158: warning: ‘comm_irecv’ defined but not used
/homes/tpeterka/nek5_svn/trunk/nek/jl/../jl2/comm.h:166: warning: ‘comm_isend’ defined but not used
/homes/tpeterka/nek5_svn/trunk/nek/jl/../jl2/comm.h:174: warning: ‘comm_wait’ defined but not used
/homes/tpeterka/nek5_svn/trunk/nek/jl/../jl2/comm.h:63: warning: ‘comm_reduce_double’ defined but not used
/homes/tpeterka/nek5_svn/trunk/nek/jl/../jl2/comm.h:63: warning: ‘comm_reduce_float’ defined but not used
/homes/tpeterka/nek5_svn/trunk/nek/jl/../jl2/comm.h:63: warning: ‘comm_reduce_int’ defined but not used
/homes/tpeterka/nek5_svn/trunk/nek/jl/../jl2/comm.h:63: warning: ‘comm_reduce_long’ defined but not used
/homes/tpeterka/nek5_svn/trunk/nek/jl/../jl2/comm.h:63: warning: ‘comm_reduce_long_long’ defined but not used
/homes/tpeterka/nek5_svn/trunk/nek/jl/../jl2/comm.h:103: warning: ‘comm_dup_’ defined but not used
mpicc -c  -O2 -DPTRSIZE8 -DMPI -DLONGINT8 -DUNDERSCORE -DGLOBAL_LONG_LONG  -DPREFIX=jl_ /homes/tpeterka/nek5_svn/trunk/nek/jl/../jl2/findpts_local.c -o obj/jl2_findpts_local.o
/homes/tpeterka/nek5_svn/trunk/nek/jl/../jl2/mem.h:96: warning: ‘align_as_’ defined but not used
mpicc -c  -O2 -DPTRSIZE8 -DMPI -DLONGINT8 -DUNDERSCORE -DGLOBAL_LONG_LONG  -DPREFIX=jl_ /homes/tpeterka/nek5_svn/trunk/nek/jl/../jl2/obbox.c -o obj/jl2_obbox.o
mpicc -c  -O2 -DPTRSIZE8 -DMPI -DLONGINT8 -DUNDERSCORE -DGLOBAL_LONG_LONG  -DPREFIX=jl_ /homes/tpeterka/nek5_svn/trunk/nek/jl/../jl2/poly.c -o obj/jl2_poly.o
/homes/tpeterka/nek5_svn/trunk/nek/jl/../jl2/mem.h:26: warning: ‘scalloc’ defined but not used
/homes/tpeterka/nek5_svn/trunk/nek/jl/../jl2/mem.h:55: warning: ‘array_init_’ defined but not used
/homes/tpeterka/nek5_svn/trunk/nek/jl/../jl2/mem.h:65: warning: ‘array_reserve_’ defined but not used
/homes/tpeterka/nek5_svn/trunk/nek/jl/../jl2/mem.h:77: warning: ‘array_free’ defined but not used
/homes/tpeterka/nek5_svn/trunk/nek/jl/../jl2/mem.h:96: warning: ‘align_as_’ defined but not used
/homes/tpeterka/nek5_svn/trunk/nek/jl/../jl2/tensor.h:81: warning: ‘tensor_i1’ defined but not used
/homes/tpeterka/nek5_svn/trunk/nek/jl/../jl2/tensor.h:87: warning: ‘tensor_i2’ defined but not used
/homes/tpeterka/nek5_svn/trunk/nek/jl/../jl2/tensor.h:96: warning: ‘tensor_i3’ defined but not used
/homes/tpeterka/nek5_svn/trunk/nek/jl/../jl2/tensor.h:124: warning: ‘tensor_ig1’ defined but not used
/homes/tpeterka/nek5_svn/trunk/nek/jl/../jl2/tensor.h:168: warning: ‘tensor_2t’ defined but not used
/homes/tpeterka/nek5_svn/trunk/nek/jl/../jl2/tensor.h:183: warning: ‘tensor_3t’ defined but not used
/homes/tpeterka/nek5_svn/trunk/nek/jl/../jl2/mem.h:26: warning: ‘scalloc’ defined but not used
/homes/tpeterka/nek5_svn/trunk/nek/jl/../jl2/mem.h:55: warning: ‘array_init_’ defined but not used
/homes/tpeterka/nek5_svn/trunk/nek/jl/../jl2/mem.h:65: warning: ‘array_reserve_’ defined but not used
/homes/tpeterka/nek5_svn/trunk/nek/jl/../jl2/mem.h:77: warning: ‘array_free’ defined but not used
/homes/tpeterka/nek5_svn/trunk/nek/jl/../jl2/mem.h:96: warning: ‘align_as_’ defined but not used
mpicc -c  -O2 -DPTRSIZE8 -DMPI -DLONGINT8 -DUNDERSCORE -DGLOBAL_LONG_LONG  -DPREFIX=jl_ /homes/tpeterka/nek5_svn/trunk/nek/jl/../jl2/lob_bnd.c -o obj/jl2_lob_bnd.o
/homes/tpeterka/nek5_svn/trunk/nek/jl/../jl2/mem.h:26: warning: ‘scalloc’ defined but not used
/homes/tpeterka/nek5_svn/trunk/nek/jl/../jl2/mem.h:55: warning: ‘array_init_’ defined but not used
/homes/tpeterka/nek5_svn/trunk/nek/jl/../jl2/mem.h:65: warning: ‘array_reserve_’ defined but not used
/homes/tpeterka/nek5_svn/trunk/nek/jl/../jl2/mem.h:77: warning: ‘array_free’ defined but not used
/homes/tpeterka/nek5_svn/trunk/nek/jl/../jl2/mem.h:96: warning: ‘align_as_’ defined but not used
mpicc -c  -O2 -DPTRSIZE8 -DMPI -DLONGINT8 -DUNDERSCORE -DGLOBAL_LONG_LONG  -DPREFIX=jl_ /homes/tpeterka/nek5_svn/trunk/nek/jl/../jl2/findpts_el_3.c -o obj/jl2_findpts_el_3.o
mpicc -c  -O2 -DPTRSIZE8 -DMPI -DLONGINT8 -DUNDERSCORE -DGLOBAL_LONG_LONG  -DPREFIX=jl_ /homes/tpeterka/nek5_svn/trunk/nek/jl/../jl2/findpts_el_2.c -o obj/jl2_findpts_el_2.o
/homes/tpeterka/nek5_svn/trunk/nek/jl/../jl2/mem.h:26: warning: ‘scalloc’ defined but not used
/homes/tpeterka/nek5_svn/trunk/nek/jl/../jl2/mem.h:55: warning: ‘array_init_’ defined but not used
/homes/tpeterka/nek5_svn/trunk/nek/jl/../jl2/mem.h:65: warning: ‘array_reserve_’ defined but not used
/homes/tpeterka/nek5_svn/trunk/nek/jl/../jl2/mem.h:77: warning: ‘array_free’ defined but not used
/homes/tpeterka/nek5_svn/trunk/nek/jl/../jl2/mem.h:96: warning: ‘align_as_’ defined but not used
/homes/tpeterka/nek5_svn/trunk/nek/jl/../jl2/tensor.h:81: warning: ‘tensor_i1’ defined but not used
/homes/tpeterka/nek5_svn/trunk/nek/jl/../jl2/tensor.h:96: warning: ‘tensor_i3’ defined but not used
/homes/tpeterka/nek5_svn/trunk/nek/jl/../jl2/tensor.h:124: warning: ‘tensor_ig1’ defined but not used
/homes/tpeterka/nek5_svn/trunk/nek/jl/../jl2/tensor.h:145: warning: ‘tensor_ig3’ defined but not used
/homes/tpeterka/nek5_svn/trunk/nek/jl/../jl2/tensor.h:168: warning: ‘tensor_2t’ defined but not used
/homes/tpeterka/nek5_svn/trunk/nek/jl/../jl2/tensor.h:183: warning: ‘tensor_3t’ defined but not used
/homes/tpeterka/nek5_svn/trunk/nek/jl/../jl2/mem.h:26: warning: ‘scalloc’ defined but not used
/homes/tpeterka/nek5_svn/trunk/nek/jl/../jl2/mem.h:55: warning: ‘array_init_’ defined but not used
/homes/tpeterka/nek5_svn/trunk/nek/jl/../jl2/mem.h:65: warning: ‘array_reserve_’ defined but not used
/homes/tpeterka/nek5_svn/trunk/nek/jl/../jl2/mem.h:77: warning: ‘array_free’ defined but not used
/homes/tpeterka/nek5_svn/trunk/nek/jl/../jl2/mem.h:96: warning: ‘align_as_’ defined but not used
/homes/tpeterka/nek5_svn/trunk/nek/jl/../jl2/tensor.h:87: warning: ‘tensor_i2’ defined but not used
/homes/tpeterka/nek5_svn/trunk/nek/jl/../jl2/tensor.h:96: warning: ‘tensor_i3’ defined but not used
/homes/tpeterka/nek5_svn/trunk/nek/jl/../jl2/tensor.h:133: warning: ‘tensor_ig2’ defined but not used
/homes/tpeterka/nek5_svn/trunk/nek/jl/../jl2/tensor.h:145: warning: ‘tensor_ig3’ defined but not used
/homes/tpeterka/nek5_svn/trunk/nek/jl/../jl2/tensor.h:168: warning: ‘tensor_2t’ defined but not used
/homes/tpeterka/nek5_svn/trunk/nek/jl/../jl2/tensor.h:183: warning: ‘tensor_3t’ defined but not used
mpicc -c  -O2 -DPTRSIZE8 -DMPI -DLONGINT8 -DUNDERSCORE -DGLOBAL_LONG_LONG  -DPREFIX=jl_ /homes/tpeterka/nek5_svn/trunk/nek/jl/../jl2/sparse_cholesky.c -o obj/jl2_sparse_cholesky.o
/homes/tpeterka/nek5_svn/trunk/nek/jl/../jl2/mem.h:26: warning: ‘scalloc’ defined but not used
/homes/tpeterka/nek5_svn/trunk/nek/jl/../jl2/mem.h:55: warning: ‘array_init_’ defined but not used
/homes/tpeterka/nek5_svn/trunk/nek/jl/../jl2/mem.h:77: warning: ‘array_free’ defined but not used
/homes/tpeterka/nek5_svn/trunk/nek/jl/../jl2/mem.h:96: warning: ‘align_as_’ defined but not used
mpicc -c  -O2 -DPTRSIZE8 -DMPI -DLONGINT8 -DUNDERSCORE -DGLOBAL_LONG_LONG  -DPREFIX=jl_ /homes/tpeterka/nek5_svn/trunk/nek/jl/../jl2/xxt.c -o obj/jl2_xxt.o
mpicc -c  -O2 -DPTRSIZE8 -DMPI -DLONGINT8 -DUNDERSCORE -DGLOBAL_LONG_LONG  -DPREFIX=jl_ /homes/tpeterka/nek5_svn/trunk/nek/jl/../jl2/fcrs.c -o obj/jl2_fcrs.o
/homes/tpeterka/nek5_svn/trunk/nek/jl/../jl2/comm.h:89: warning: ‘comm_init_check’ defined but not used
/homes/tpeterka/nek5_svn/trunk/nek/jl/../jl2/comm.h:121: warning: ‘comm_time’ defined but not used
/homes/tpeterka/nek5_svn/trunk/nek/jl/../jl2/comm.h:130: warning: ‘comm_barrier’ defined but not used
/homes/tpeterka/nek5_svn/trunk/nek/jl/../jl2/comm.h:158: warning: ‘comm_irecv’ defined but not used
/homes/tpeterka/nek5_svn/trunk/nek/jl/../jl2/comm.h:63: warning: ‘comm_reduce_double’ defined but not used
/homes/tpeterka/nek5_svn/trunk/nek/jl/../jl2/comm.h:63: warning: ‘comm_reduce_float’ defined but not used
/homes/tpeterka/nek5_svn/trunk/nek/jl/../jl2/comm.h:63: warning: ‘comm_reduce_int’ defined but not used
/homes/tpeterka/nek5_svn/trunk/nek/jl/../jl2/comm.h:63: warning: ‘comm_reduce_long’ defined but not used
/homes/tpeterka/nek5_svn/trunk/nek/jl/../jl2/comm.h:63: warning: ‘comm_reduce_long_long’ defined but not used
/homes/tpeterka/nek5_svn/trunk/nek/jl/../jl2/mem.h:26: warning: ‘scalloc’ defined but not used
/homes/tpeterka/nek5_svn/trunk/nek/jl/../jl2/mem.h:96: warning: ‘align_as_’ defined but not used
/homes/tpeterka/nek5_svn/trunk/nek/jl/../jl2/mem.h:26: warning: ‘scalloc’ defined but not used
/homes/tpeterka/nek5_svn/trunk/nek/jl/../jl2/mem.h:55: warning: ‘array_init_’ defined but not used
/homes/tpeterka/nek5_svn/trunk/nek/jl/../jl2/mem.h:65: warning: ‘array_reserve_’ defined but not used
/homes/tpeterka/nek5_svn/trunk/nek/jl/../jl2/mem.h:77: warning: ‘array_free’ defined but not used
/homes/tpeterka/nek5_svn/trunk/nek/jl/../jl2/mem.h:96: warning: ‘align_as_’ defined but not used
/homes/tpeterka/nek5_svn/trunk/nek/jl/../jl2/comm.h:121: warning: ‘comm_time’ defined but not used
/homes/tpeterka/nek5_svn/trunk/nek/jl/../jl2/comm.h:130: warning: ‘comm_barrier’ defined but not used
/homes/tpeterka/nek5_svn/trunk/nek/jl/../jl2/comm.h:137: warning: ‘comm_recv’ defined but not used
/homes/tpeterka/nek5_svn/trunk/nek/jl/../jl2/comm.h:150: warning: ‘comm_send’ defined but not used
/homes/tpeterka/nek5_svn/trunk/nek/jl/../jl2/comm.h:158: warning: ‘comm_irecv’ defined but not used
/homes/tpeterka/nek5_svn/trunk/nek/jl/../jl2/comm.h:166: warning: ‘comm_isend’ defined but not used
/homes/tpeterka/nek5_svn/trunk/nek/jl/../jl2/comm.h:174: warning: ‘comm_wait’ defined but not used
/homes/tpeterka/nek5_svn/trunk/nek/jl/../jl2/comm.h:103: warning: ‘comm_dup_’ defined but not used
mpif77 -c  -O2 -fcray-pointer -fdefault-real-8 -x f77-cpp-input -DPTRSIZE8 -DMPI -DLONGINT8 -DUNDERSCORE -DGLOBAL_LONG_LONG -I/homes/tpeterka/itl/examples/Nek5000/examples/eddy -I/homes/tpeterka/nek5_svn/trunk/nek -I./ /homes/tpeterka/itl/examples/Nek5000/examples/eddy/eddy_uv.f -o obj/eddy_uv.o 
mpif77 -o nek5000  obj/eddy_uv.o obj/drive.o obj/drive1.o obj/drive2.o obj/plan4.o obj/bdry.o obj/coef.o obj/conduct.o obj/connect1.o obj/connect2.o obj/dssum.o obj/edgec.o obj/eigsolv.o obj/gauss.o obj/genxyz.o obj/navier1.o obj/makeq.o obj/navier0.o obj/navier2.o obj/navier3.o obj/navier4.o obj/prepost.o obj/speclib.o obj/map2.o obj/turb.o obj/mvmesh.o obj/ic.o obj/ssolv.o obj/planx.o obj/math.o obj/mxm_wrapper.o obj/hmholtz.o obj/gfdm_par.o obj/gfdm_op.o obj/gfdm_solve.o obj/subs1.o obj/subs2.o obj/genbox.o obj/gmres.o obj/hsmg.o obj/convect.o obj/induct.o obj/perturb.o obj/navier5.o obj/navier6.o obj/navier7.o obj/navier8.o obj/fast3d.o obj/fasts.o obj/calcz.o obj/byte.o obj/chelpers.o obj/byte_mpi.o obj/postpro.o obj/cvode_driver.o obj/nek_comm.o obj/init_plugin.o obj/setprop.o obj/qthermal.o obj/cvode_aux.o obj/makeq_aux.o obj/papi.o obj/ssygv.o obj/dsygv.o obj/mxm_std.o obj/blas.o obj/comm_mpi.o obj/jl2_gs.o obj/jl2_sort.o obj/jl2_sarray_transfer.o obj/jl2_sarray_sort.o obj/jl2_gs_local.o obj/jl2_crystal.o obj/jl2_comm.o obj/jl2_tensor.o obj/jl2_fail.o obj/jl2_fcrystal.o obj/jl_tuple_list.o obj/jl_transfer.o obj/jl_sort.o obj/jl_fcrystal.o obj/jl_errmem.o obj/jl_crystal.o obj/jl2_findpts.o obj/jl2_findpts_local.o obj/jl2_obbox.o obj/jl2_poly.o obj/jl2_lob_bnd.o obj/jl2_findpts_el_3.o obj/jl2_findpts_el_2.o obj/jl2_sparse_cholesky.o obj/jl2_xxt.o obj/jl2_fcrs.o -L../../../../lib -litl -L../../../../../diy/lib -ldiy -lstdc++
#############################################################
#                  Compilation successful!                  #
#############################################################
   text	   data	    bss	    dec	    hex	filename
2244561	   3544	72832872	75080977	479a511	nek5000


