Build started 5/10/2011 3:24:36 AM.
     1>Project "C:\Users\mat\Desktop\Work\Contour Spectrum 3D\Contour Spectrum 3D\Contour Spectrum 3D.vcxproj" on node 2 (build target(s)).
     1>InitializeBuildStatus:
         Creating "Debug\Contour Spectrum 3D.unsuccessfulbuild" because "AlwaysCreate" was specified.
       ClCompile:
         All outputs are up-to-date.
         C:\Program Files\Microsoft Visual Studio 10.0\VC\bin\CL.exe /c /I"C:\Users\mat\Desktop\Contour Spectrum\boost_1_45_0\boost_1_45_0" /ZI /nologo /W3 /WX- /Od /Oy- /D WIN32 /D _DEBUG /D _CONSOLE /D _UNICODE /D UNICODE /Gm /EHsc /RTC1 /MDd /GS /fp:precise /Zc:wchar_t /Zc:forScope /Fo"Debug\\" /Fd"Debug\vc100.pdb" /Gd /TP /analyze- /errorReport:prompt "Contour Spectrum 3D.cpp"
         Contour Spectrum 3D.cpp
     1>c:\users\mat\desktop\work\contour spectrum 3d\contour spectrum 3d\contour spectrum 3d.cpp(283): warning C4996: 'fopen': This function or variable may be unsafe. Consider using fopen_s instead. To disable deprecation, use _CRT_SECURE_NO_WARNINGS. See online help for details.
                 c:\program files\microsoft visual studio 10.0\vc\include\stdio.h(234) : see declaration of 'fopen'
     1>c:\users\mat\desktop\work\contour spectrum 3d\contour spectrum 3d\contour spectrum 3d.cpp(286): warning C4996: 'fopen': This function or variable may be unsafe. Consider using fopen_s instead. To disable deprecation, use _CRT_SECURE_NO_WARNINGS. See online help for details.
                 c:\program files\microsoft visual studio 10.0\vc\include\stdio.h(234) : see declaration of 'fopen'
     1>c:\users\mat\desktop\work\contour spectrum 3d\contour spectrum 3d\contour spectrum 3d.cpp(289): warning C4996: 'fopen': This function or variable may be unsafe. Consider using fopen_s instead. To disable deprecation, use _CRT_SECURE_NO_WARNINGS. See online help for details.
                 c:\program files\microsoft visual studio 10.0\vc\include\stdio.h(234) : see declaration of 'fopen'
     1>c:\users\mat\desktop\work\contour spectrum 3d\contour spectrum 3d\contour spectrum 3d.cpp(292): warning C4996: 'fopen': This function or variable may be unsafe. Consider using fopen_s instead. To disable deprecation, use _CRT_SECURE_NO_WARNINGS. See online help for details.
                 c:\program files\microsoft visual studio 10.0\vc\include\stdio.h(234) : see declaration of 'fopen'
     1>c:\users\mat\desktop\work\contour spectrum 3d\contour spectrum 3d\contour spectrum 3d.cpp(295): warning C4996: 'fopen': This function or variable may be unsafe. Consider using fopen_s instead. To disable deprecation, use _CRT_SECURE_NO_WARNINGS. See online help for details.
                 c:\program files\microsoft visual studio 10.0\vc\include\stdio.h(234) : see declaration of 'fopen'
     1>c:\users\mat\desktop\work\contour spectrum 3d\contour spectrum 3d\contour spectrum 3d.cpp(305): warning C4996: 'fscanf': This function or variable may be unsafe. Consider using fscanf_s instead. To disable deprecation, use _CRT_SECURE_NO_WARNINGS. See online help for details.
                 c:\program files\microsoft visual studio 10.0\vc\include\stdio.h(253) : see declaration of 'fscanf'
     1>c:\users\mat\desktop\work\contour spectrum 3d\contour spectrum 3d\contour spectrum 3d.cpp(313): warning C4996: 'fscanf': This function or variable may be unsafe. Consider using fscanf_s instead. To disable deprecation, use _CRT_SECURE_NO_WARNINGS. See online help for details.
                 c:\program files\microsoft visual studio 10.0\vc\include\stdio.h(253) : see declaration of 'fscanf'
     1>c:\users\mat\desktop\work\contour spectrum 3d\contour spectrum 3d\contour spectrum 3d.cpp(321): warning C4996: 'fscanf': This function or variable may be unsafe. Consider using fscanf_s instead. To disable deprecation, use _CRT_SECURE_NO_WARNINGS. See online help for details.
                 c:\program files\microsoft visual studio 10.0\vc\include\stdio.h(253) : see declaration of 'fscanf'
     1>c:\users\mat\desktop\work\contour spectrum 3d\contour spectrum 3d\contour spectrum 3d.cpp(442): warning C4101: 'temp' : unreferenced local variable
       ManifestResourceCompile:
         All outputs are up-to-date.
       Link:
         C:\Program Files\Microsoft Visual Studio 10.0\VC\bin\link.exe /ERRORREPORT:PROMPT /OUT:"C:\Users\mat\Desktop\Work\Contour Spectrum 3D\Debug\Contour Spectrum 3D.exe" /INCREMENTAL /NOLOGO kernel32.lib user32.lib gdi32.lib winspool.lib comdlg32.lib advapi32.lib shell32.lib ole32.lib oleaut32.lib uuid.lib odbc32.lib odbccp32.lib /MANIFEST /ManifestFile:"Debug\Contour Spectrum 3D.exe.intermediate.manifest" /MANIFESTUAC:"level='asInvoker' uiAccess='false'" /DEBUG /PDB:"C:\Users\mat\Desktop\Work\Contour Spectrum 3D\Debug\Contour Spectrum 3D.pdb" /SUBSYSTEM:CONSOLE /TLBID:1 /DYNAMICBASE /NXCOMPAT /IMPLIB:"C:\Users\mat\Desktop\Work\Contour Spectrum 3D\Debug\Contour Spectrum 3D.lib" /MACHINE:X86 "Debug\Contour Spectrum 3D.exe.embed.manifest.res"
         "Debug\Contour Spectrum 3D.obj"
         Debug\stdafx.obj
         LINK : C:\Users\mat\Desktop\Work\Contour Spectrum 3D\Debug\Contour Spectrum 3D.exe not found or not built by the last incremental link; performing full link
       Manifest:
         C:\Program Files\Microsoft SDKs\Windows\v7.0A\bin\mt.exe /nologo /verbose /out:"Debug\Contour Spectrum 3D.exe.embed.manifest" /manifest "Debug\Contour Spectrum 3D.exe.intermediate.manifest"
         All outputs are up-to-date.
       LinkEmbedManifest:
         All outputs are up-to-date.
         Contour Spectrum 3D.vcxproj -> C:\Users\mat\Desktop\Work\Contour Spectrum 3D\Debug\Contour Spectrum 3D.exe
       FinalizeBuildStatus:
         Deleting file "Debug\Contour Spectrum 3D.unsuccessfulbuild".
         Touching "Debug\Contour Spectrum 3D.lastbuildstate".
     1>Done Building Project "C:\Users\mat\Desktop\Work\Contour Spectrum 3D\Contour Spectrum 3D\Contour Spectrum 3D.vcxproj" (build target(s)).

Build succeeded.

Time Elapsed 00:00:03.54
